{"/Users/ameliagoldsby/Documents/Python/myDrive/assets/aviva-logo.png": {"path":"/Users/ameliagoldsby/Documents/Python/myDrive/assets/aviva-logo.png","statementMap":{"0":{"start":{"line":1,"column":0},"end":{"line":4,"column":6}}},"fnMap":{},"branchMap":{},"s":{"0":4},"f":{},"b":{},"_coverageSchema":"1a1c01bbd47fc00a2c39e90264f33305004495a9","hash":"f555e660461cf18c3442b36b9e597058af266d32"}
,"/Users/ameliagoldsby/Documents/Python/myDrive/components/charts/DoughnutChart.jsx": {"path":"/Users/ameliagoldsby/Documents/Python/myDrive/components/charts/DoughnutChart.jsx","statementMap":{"0":{"start":{"line":6,"column":13},"end":{"line":6,"column":16}},"1":{"start":{"line":7,"column":20},"end":{"line":7,"column":22}},"2":{"start":{"line":8,"column":15},"end":{"line":8,"column":39}},"3":{"start":{"line":9,"column":22},"end":{"line":9,"column":42}},"4":{"start":{"line":12,"column":21},"end":{"line":12,"column":54}},"5":{"start":{"line":13,"column":27},"end":{"line":13,"column":77}},"6":{"start":{"line":15,"column":14},"end":{"line":15,"column":23}},"7":{"start":{"line":16,"column":2},"end":{"line":17,"column":47}},"8":{"start":{"line":16,"column":24},"end":{"line":16,"column":42}},"9":{"start":{"line":17,"column":7},"end":{"line":17,"column":47}},"10":{"start":{"line":17,"column":29},"end":{"line":17,"column":47}},"11":{"start":{"line":19,"column":2},"end":{"line":62,"column":4}}},"fnMap":{"0":{"name":"DoughnutChart","decl":{"start":{"line":11,"column":24},"end":{"line":11,"column":37}},"loc":{"start":{"line":11,"column":49},"end":{"line":63,"column":1}},"line":11}},"branchMap":{"0":{"loc":{"start":{"line":16,"column":2},"end":{"line":17,"column":47}},"type":"if","locations":[{"start":{"line":16,"column":2},"end":{"line":17,"column":47}},{"start":{"line":17,"column":7},"end":{"line":17,"column":47}}],"line":16},"1":{"loc":{"start":{"line":17,"column":7},"end":{"line":17,"column":47}},"type":"if","locations":[{"start":{"line":17,"column":7},"end":{"line":17,"column":47}},{"start":{},"end":{}}],"line":17},"2":{"loc":{"start":{"line":54,"column":12},"end":{"line":54,"column":56}},"type":"binary-expr","locations":[{"start":{"line":54,"column":12},"end":{"line":54,"column":27}},{"start":{"line":54,"column":31},"end":{"line":54,"column":56}}],"line":54}},"s":{"0":1,"1":1,"2":1,"3":1,"4":5,"5":5,"6":5,"7":5,"8":0,"9":5,"10":5,"11":5},"f":{"0":5},"b":{"0":[0,5],"1":[5,0],"2":[5,0]},"_coverageSchema":"1a1c01bbd47fc00a2c39e90264f33305004495a9","hash":"f3559827a2f23cdefd4be69ff0b852e36beebb2c"}
,"/Users/ameliagoldsby/Documents/Python/myDrive/components/tabs/JourneysTab.jsx": {"path":"/Users/ameliagoldsby/Documents/Python/myDrive/components/tabs/JourneysTab.jsx","statementMap":{"0":{"start":{"line":15,"column":25},"end":{"line":19,"column":1}},"1":{"start":{"line":22,"column":2},"end":{"line":22,"column":36}},"2":{"start":{"line":22,"column":19},"end":{"line":22,"column":36}},"3":{"start":{"line":23,"column":2},"end":{"line":23,"column":36}},"4":{"start":{"line":23,"column":19},"end":{"line":23,"column":36}},"5":{"start":{"line":24,"column":2},"end":{"line":24,"column":19}},"6":{"start":{"line":28,"column":48},"end":{"line":28,"column":63}},"7":{"start":{"line":29,"column":21},"end":{"line":29,"column":36}},"8":{"start":{"line":31,"column":14},"end":{"line":31,"column":24}},"9":{"start":{"line":32,"column":27},"end":{"line":37,"column":4}},"10":{"start":{"line":33,"column":20},"end":{"line":33,"column":75}},"11":{"start":{"line":34,"column":4},"end":{"line":34,"column":47}},"12":{"start":{"line":34,"column":26},"end":{"line":34,"column":47}},"13":{"start":{"line":35,"column":4},"end":{"line":35,"column":48}},"14":{"start":{"line":35,"column":26},"end":{"line":35,"column":48}},"15":{"start":{"line":36,"column":4},"end":{"line":36,"column":16}},"16":{"start":{"line":40,"column":4},"end":{"line":40,"column":66}},"17":{"start":{"line":40,"column":33},"end":{"line":40,"column":49}},"18":{"start":{"line":42,"column":2},"end":{"line":179,"column":4}},"19":{"start":{"line":49,"column":27},"end":{"line":49,"column":51}},"20":{"start":{"line":61,"column":30},"end":{"line":61,"column":55}},"21":{"start":{"line":68,"column":29},"end":{"line":68,"column":54}},"22":{"start":{"line":79,"column":38},"end":{"line":79,"column":46}},"23":{"start":{"line":81,"column":16},"end":{"line":96,"column":35}},"24":{"start":{"line":84,"column":20},"end":{"line":84,"column":40}},"25":{"start":{"line":85,"column":20},"end":{"line":85,"column":46}},"26":{"start":{"line":111,"column":12},"end":{"line":174,"column":31}},"27":{"start":{"line":116,"column":16},"end":{"line":116,"column":68}}},"fnMap":{"0":{"name":"getScoreColor","decl":{"start":{"line":21,"column":9},"end":{"line":21,"column":22}},"loc":{"start":{"line":21,"column":30},"end":{"line":25,"column":1}},"line":21},"1":{"name":"JourneysTab","decl":{"start":{"line":27,"column":24},"end":{"line":27,"column":35}},"loc":{"start":{"line":27,"column":69},"end":{"line":180,"column":1}},"line":27},"2":{"name":"(anonymous_2)","decl":{"start":{"line":32,"column":43},"end":{"line":32,"column":44}},"loc":{"start":{"line":32,"column":50},"end":{"line":37,"column":3}},"line":32},"3":{"name":"(anonymous_3)","decl":{"start":{"line":40,"column":26},"end":{"line":40,"column":27}},"loc":{"start":{"line":40,"column":33},"end":{"line":40,"column":49}},"line":40},"4":{"name":"(anonymous_4)","decl":{"start":{"line":49,"column":21},"end":{"line":49,"column":22}},"loc":{"start":{"line":49,"column":27},"end":{"line":49,"column":51}},"line":49},"5":{"name":"(anonymous_5)","decl":{"start":{"line":61,"column":24},"end":{"line":61,"column":25}},"loc":{"start":{"line":61,"column":30},"end":{"line":61,"column":55}},"line":61},"6":{"name":"(anonymous_6)","decl":{"start":{"line":68,"column":23},"end":{"line":68,"column":24}},"loc":{"start":{"line":68,"column":29},"end":{"line":68,"column":54}},"line":68},"7":{"name":"(anonymous_7)","decl":{"start":{"line":79,"column":28},"end":{"line":79,"column":29}},"loc":{"start":{"line":79,"column":38},"end":{"line":79,"column":46}},"line":79},"8":{"name":"(anonymous_8)","decl":{"start":{"line":80,"column":26},"end":{"line":80,"column":27}},"loc":{"start":{"line":81,"column":16},"end":{"line":96,"column":35}},"line":81},"9":{"name":"(anonymous_9)","decl":{"start":{"line":83,"column":27},"end":{"line":83,"column":28}},"loc":{"start":{"line":83,"column":33},"end":{"line":86,"column":19}},"line":83},"10":{"name":"(anonymous_10)","decl":{"start":{"line":110,"column":32},"end":{"line":110,"column":33}},"loc":{"start":{"line":111,"column":12},"end":{"line":174,"column":31}},"line":111},"11":{"name":"(anonymous_11)","decl":{"start":{"line":115,"column":23},"end":{"line":115,"column":24}},"loc":{"start":{"line":116,"column":16},"end":{"line":116,"column":68}},"line":116}},"branchMap":{"0":{"loc":{"start":{"line":22,"column":2},"end":{"line":22,"column":36}},"type":"if","locations":[{"start":{"line":22,"column":2},"end":{"line":22,"column":36}},{"start":{},"end":{}}],"line":22},"1":{"loc":{"start":{"line":23,"column":2},"end":{"line":23,"column":36}},"type":"if","locations":[{"start":{"line":23,"column":2},"end":{"line":23,"column":36}},{"start":{},"end":{}}],"line":23},"2":{"loc":{"start":{"line":34,"column":4},"end":{"line":34,"column":47}},"type":"if","locations":[{"start":{"line":34,"column":4},"end":{"line":34,"column":47}},{"start":{},"end":{}}],"line":34},"3":{"loc":{"start":{"line":35,"column":4},"end":{"line":35,"column":48}},"type":"if","locations":[{"start":{"line":35,"column":4},"end":{"line":35,"column":48}},{"start":{},"end":{}}],"line":35},"4":{"loc":{"start":{"line":40,"column":4},"end":{"line":40,"column":66}},"type":"binary-expr","locations":[{"start":{"line":40,"column":4},"end":{"line":40,"column":57}},{"start":{"line":40,"column":61},"end":{"line":40,"column":66}}],"line":40},"5":{"loc":{"start":{"line":45,"column":7},"end":{"line":54,"column":7}},"type":"binary-expr","locations":[{"start":{"line":45,"column":7},"end":{"line":45,"column":26}},{"start":{"line":46,"column":8},"end":{"line":53,"column":15}}],"line":45},"6":{"loc":{"start":{"line":91,"column":22},"end":{"line":91,"column":74}},"type":"binary-expr","locations":[{"start":{"line":91,"column":22},"end":{"line":91,"column":41}},{"start":{"line":91,"column":45},"end":{"line":91,"column":74}}],"line":91},"7":{"loc":{"start":{"line":104,"column":7},"end":{"line":177,"column":7}},"type":"cond-expr","locations":[{"start":{"line":105,"column":8},"end":{"line":107,"column":15}},{"start":{"line":109,"column":8},"end":{"line":176,"column":21}}],"line":104},"8":{"loc":{"start":{"line":137,"column":15},"end":{"line":154,"column":15}},"type":"binary-expr","locations":[{"start":{"line":137,"column":15},"end":{"line":137,"column":44}},{"start":{"line":138,"column":16},"end":{"line":153,"column":23}}],"line":137}},"s":{"0":1,"1":33,"2":12,"3":21,"4":11,"5":10,"6":14,"7":14,"8":14,"9":14,"10":36,"11":36,"12":3,"13":33,"14":3,"15":30,"16":14,"17":39,"18":14,"19":2,"20":0,"21":0,"22":8,"23":6,"24":2,"25":2,"26":33,"27":1},"f":{"0":33,"1":14,"2":36,"3":39,"4":2,"5":0,"6":0,"7":8,"8":6,"9":2,"10":33,"11":1},"b":{"0":[12,21],"1":[11,10],"2":[3,33],"3":[3,30],"4":[14,0],"5":[14,12],"6":[6,2],"7":[2,12],"8":[33,33]},"_coverageSchema":"1a1c01bbd47fc00a2c39e90264f33305004495a9","hash":"972e3f14b4b2a31034caa29bd0cc3ede2b36dec7"}
,"/Users/ameliagoldsby/Documents/Python/myDrive/components/tabs/ScoreTab.jsx": {"path":"/Users/ameliagoldsby/Documents/Python/myDrive/components/tabs/ScoreTab.jsx","statementMap":{"0":{"start":{"line":6,"column":22},"end":{"line":10,"column":1}},"1":{"start":{"line":7,"column":2},"end":{"line":7,"column":36}},"2":{"start":{"line":7,"column":19},"end":{"line":7,"column":36}},"3":{"start":{"line":8,"column":2},"end":{"line":8,"column":36}},"4":{"start":{"line":8,"column":19},"end":{"line":8,"column":36}},"5":{"start":{"line":9,"column":2},"end":{"line":9,"column":19}},"6":{"start":{"line":12,"column":26},"end":{"line":26,"column":1}},"7":{"start":{"line":13,"column":2},"end":{"line":13,"column":31}},"8":{"start":{"line":13,"column":19},"end":{"line":13,"column":31}},"9":{"start":{"line":14,"column":2},"end":{"line":25,"column":3}},"10":{"start":{"line":16,"column":6},"end":{"line":16,"column":72}},"11":{"start":{"line":18,"column":6},"end":{"line":18,"column":55}},"12":{"start":{"line":20,"column":6},"end":{"line":20,"column":66}},"13":{"start":{"line":22,"column":6},"end":{"line":22,"column":56}},"14":{"start":{"line":24,"column":6},"end":{"line":24,"column":18}},"15":{"start":{"line":28,"column":20},"end":{"line":37,"column":1}},"16":{"start":{"line":29,"column":2},"end":{"line":36,"column":9}},"17":{"start":{"line":39,"column":20},"end":{"line":45,"column":1}},"18":{"start":{"line":40,"column":2},"end":{"line":44,"column":9}},"19":{"start":{"line":48,"column":14},"end":{"line":48,"column":24}},"20":{"start":{"line":49,"column":25},"end":{"line":49,"column":49}},"21":{"start":{"line":51,"column":25},"end":{"line":53,"column":3}},"22":{"start":{"line":52,"column":11},"end":{"line":52,"column":61}},"23":{"start":{"line":55,"column":2},"end":{"line":63,"column":3}},"24":{"start":{"line":56,"column":4},"end":{"line":62,"column":6}},"25":{"start":{"line":65,"column":24},"end":{"line":75,"column":3}},"26":{"start":{"line":67,"column":21},"end":{"line":67,"column":41}},"27":{"start":{"line":68,"column":6},"end":{"line":68,"column":41}},"28":{"start":{"line":69,"column":6},"end":{"line":69,"column":45}},"29":{"start":{"line":70,"column":6},"end":{"line":70,"column":59}},"30":{"start":{"line":71,"column":6},"end":{"line":71,"column":37}},"31":{"start":{"line":72,"column":6},"end":{"line":72,"column":17}},"32":{"start":{"line":77,"column":16},"end":{"line":77,"column":37}},"33":{"start":{"line":79,"column":21},"end":{"line":79,"column":62}},"34":{"start":{"line":80,"column":23},"end":{"line":80,"column":66}},"35":{"start":{"line":81,"column":30},"end":{"line":83,"column":3}},"36":{"start":{"line":84,"column":19},"end":{"line":84,"column":58}},"37":{"start":{"line":87,"column":29},"end":{"line":90,"column":3}},"38":{"start":{"line":88,"column":22},"end":{"line":88,"column":61}},"39":{"start":{"line":91,"column":25},"end":{"line":93,"column":7}},"40":{"start":{"line":92,"column":4},"end":{"line":92,"column":37}},"41":{"start":{"line":94,"column":21},"end":{"line":94,"column":42}},"42":{"start":{"line":96,"column":20},"end":{"line":130,"column":3}},"43":{"start":{"line":97,"column":20},"end":{"line":97,"column":51}},"44":{"start":{"line":98,"column":4},"end":{"line":129,"column":6}},"45":{"start":{"line":132,"column":2},"end":{"line":163,"column":4}}},"fnMap":{"0":{"name":"(anonymous_0)","decl":{"start":{"line":6,"column":22},"end":{"line":6,"column":23}},"loc":{"start":{"line":6,"column":33},"end":{"line":10,"column":1}},"line":6},"1":{"name":"(anonymous_1)","decl":{"start":{"line":12,"column":26},"end":{"line":12,"column":27}},"loc":{"start":{"line":12,"column":47},"end":{"line":26,"column":1}},"line":12},"2":{"name":"(anonymous_2)","decl":{"start":{"line":28,"column":20},"end":{"line":28,"column":21}},"loc":{"start":{"line":29,"column":2},"end":{"line":36,"column":9}},"line":29},"3":{"name":"(anonymous_3)","decl":{"start":{"line":39,"column":20},"end":{"line":39,"column":21}},"loc":{"start":{"line":40,"column":2},"end":{"line":44,"column":9}},"line":40},"4":{"name":"ScoreTab","decl":{"start":{"line":47,"column":24},"end":{"line":47,"column":32}},"loc":{"start":{"line":47,"column":47},"end":{"line":164,"column":1}},"line":47},"5":{"name":"(anonymous_5)","decl":{"start":{"line":52,"column":4},"end":{"line":52,"column":5}},"loc":{"start":{"line":52,"column":11},"end":{"line":52,"column":61}},"line":52},"6":{"name":"(anonymous_6)","decl":{"start":{"line":66,"column":4},"end":{"line":66,"column":5}},"loc":{"start":{"line":66,"column":22},"end":{"line":73,"column":5}},"line":66},"7":{"name":"(anonymous_7)","decl":{"start":{"line":88,"column":4},"end":{"line":88,"column":5}},"loc":{"start":{"line":88,"column":22},"end":{"line":88,"column":61}},"line":88},"8":{"name":"(anonymous_8)","decl":{"start":{"line":91,"column":47},"end":{"line":91,"column":48}},"loc":{"start":{"line":91,"column":65},"end":{"line":93,"column":3}},"line":91},"9":{"name":"(anonymous_9)","decl":{"start":{"line":96,"column":20},"end":{"line":96,"column":21}},"loc":{"start":{"line":96,"column":52},"end":{"line":130,"column":3}},"line":96}},"branchMap":{"0":{"loc":{"start":{"line":7,"column":2},"end":{"line":7,"column":36}},"type":"if","locations":[{"start":{"line":7,"column":2},"end":{"line":7,"column":36}},{"start":{},"end":{}}],"line":7},"1":{"loc":{"start":{"line":8,"column":2},"end":{"line":8,"column":36}},"type":"if","locations":[{"start":{"line":8,"column":2},"end":{"line":8,"column":36}},{"start":{},"end":{}}],"line":8},"2":{"loc":{"start":{"line":13,"column":2},"end":{"line":13,"column":31}},"type":"if","locations":[{"start":{"line":13,"column":2},"end":{"line":13,"column":31}},{"start":{},"end":{}}],"line":13},"3":{"loc":{"start":{"line":14,"column":2},"end":{"line":25,"column":3}},"type":"switch","locations":[{"start":{"line":15,"column":4},"end":{"line":16,"column":72}},{"start":{"line":17,"column":4},"end":{"line":18,"column":55}},{"start":{"line":19,"column":4},"end":{"line":20,"column":66}},{"start":{"line":21,"column":4},"end":{"line":22,"column":56}},{"start":{"line":23,"column":4},"end":{"line":24,"column":18}}],"line":14},"4":{"loc":{"start":{"line":55,"column":2},"end":{"line":63,"column":3}},"type":"if","locations":[{"start":{"line":55,"column":2},"end":{"line":63,"column":3}},{"start":{},"end":{}}],"line":55},"5":{"loc":{"start":{"line":67,"column":21},"end":{"line":67,"column":41}},"type":"binary-expr","locations":[{"start":{"line":67,"column":21},"end":{"line":67,"column":35}},{"start":{"line":67,"column":39},"end":{"line":67,"column":41}}],"line":67},"6":{"loc":{"start":{"line":68,"column":21},"end":{"line":68,"column":40}},"type":"binary-expr","locations":[{"start":{"line":68,"column":21},"end":{"line":68,"column":35}},{"start":{"line":68,"column":39},"end":{"line":68,"column":40}}],"line":68},"7":{"loc":{"start":{"line":69,"column":23},"end":{"line":69,"column":44}},"type":"binary-expr","locations":[{"start":{"line":69,"column":23},"end":{"line":69,"column":39}},{"start":{"line":69,"column":43},"end":{"line":69,"column":44}}],"line":69},"8":{"loc":{"start":{"line":70,"column":30},"end":{"line":70,"column":58}},"type":"binary-expr","locations":[{"start":{"line":70,"column":30},"end":{"line":70,"column":53}},{"start":{"line":70,"column":57},"end":{"line":70,"column":58}}],"line":70},"9":{"loc":{"start":{"line":71,"column":19},"end":{"line":71,"column":36}},"type":"binary-expr","locations":[{"start":{"line":71,"column":19},"end":{"line":71,"column":31}},{"start":{"line":71,"column":35},"end":{"line":71,"column":36}}],"line":71},"10":{"loc":{"start":{"line":88,"column":39},"end":{"line":88,"column":60}},"type":"binary-expr","locations":[{"start":{"line":88,"column":39},"end":{"line":88,"column":55}},{"start":{"line":88,"column":59},"end":{"line":88,"column":60}}],"line":88},"11":{"loc":{"start":{"line":112,"column":9},"end":{"line":127,"column":9}},"type":"binary-expr","locations":[{"start":{"line":112,"column":9},"end":{"line":112,"column":16}},{"start":{"line":113,"column":10},"end":{"line":126,"column":17}}],"line":112}},"s":{"0":1,"1":40,"2":0,"3":40,"4":30,"5":10,"6":1,"7":8,"8":0,"9":8,"10":2,"11":2,"12":2,"13":2,"14":0,"15":1,"16":8,"17":1,"18":6,"19":3,"20":3,"21":3,"22":6,"23":3,"24":1,"25":2,"26":4,"27":4,"28":4,"29":4,"30":4,"31":4,"32":2,"33":2,"34":2,"35":2,"36":2,"37":2,"38":4,"39":2,"40":4,"41":2,"42":2,"43":8,"44":8,"45":2},"f":{"0":40,"1":8,"2":8,"3":6,"4":3,"5":6,"6":4,"7":4,"8":4,"9":8},"b":{"0":[0,40],"1":[30,10],"2":[0,8],"3":[2,2,2,2,0],"4":[1,2],"5":[4,0],"6":[4,0],"7":[4,0],"8":[4,0],"9":[4,0],"10":[4,0],"11":[8,8]},"_coverageSchema":"1a1c01bbd47fc00a2c39e90264f33305004495a9","hash":"47a41bc0cc4182875a6b293a7fe2dea29541b307"}
,"/Users/ameliagoldsby/Documents/Python/myDrive/context/UserContext.js": {"path":"/Users/ameliagoldsby/Documents/Python/myDrive/context/UserContext.js","statementMap":{"0":{"start":{"line":4,"column":27},"end":{"line":4,"column":42}},"1":{"start":{"line":6,"column":28},"end":{"line":86,"column":1}},"2":{"start":{"line":7,"column":28},"end":{"line":7,"column":42}},"3":{"start":{"line":8,"column":43},"end":{"line":8,"column":57}},"4":{"start":{"line":9,"column":75},"end":{"line":9,"column":89}},"5":{"start":{"line":12,"column":33},"end":{"line":20,"column":5}},"6":{"start":{"line":13,"column":8},"end":{"line":19,"column":9}},"7":{"start":{"line":14,"column":35},"end":{"line":14,"column":86}},"8":{"start":{"line":15,"column":12},"end":{"line":15,"column":57}},"9":{"start":{"line":17,"column":12},"end":{"line":17,"column":66}},"10":{"start":{"line":18,"column":12},"end":{"line":18,"column":37}},"11":{"start":{"line":23,"column":41},"end":{"line":31,"column":5}},"12":{"start":{"line":24,"column":8},"end":{"line":30,"column":9}},"13":{"start":{"line":25,"column":36},"end":{"line":25,"column":103}},"14":{"start":{"line":26,"column":12},"end":{"line":26,"column":74}},"15":{"start":{"line":28,"column":12},"end":{"line":28,"column":74}},"16":{"start":{"line":29,"column":12},"end":{"line":29,"column":53}},"17":{"start":{"line":34,"column":18},"end":{"line":38,"column":5}},"18":{"start":{"line":35,"column":8},"end":{"line":35,"column":30}},"19":{"start":{"line":36,"column":8},"end":{"line":36,"column":58}},"20":{"start":{"line":37,"column":8},"end":{"line":37,"column":66}},"21":{"start":{"line":41,"column":19},"end":{"line":45,"column":5}},"22":{"start":{"line":42,"column":8},"end":{"line":42,"column":22}},"23":{"start":{"line":43,"column":8},"end":{"line":43,"column":32}},"24":{"start":{"line":44,"column":8},"end":{"line":44,"column":48}},"25":{"start":{"line":48,"column":25},"end":{"line":57,"column":5}},"26":{"start":{"line":49,"column":8},"end":{"line":49,"column":36}},"27":{"start":{"line":49,"column":29},"end":{"line":49,"column":36}},"28":{"start":{"line":51,"column":8},"end":{"line":56,"column":9}},"29":{"start":{"line":52,"column":12},"end":{"line":52,"column":95}},"30":{"start":{"line":53,"column":12},"end":{"line":53,"column":37}},"31":{"start":{"line":55,"column":12},"end":{"line":55,"column":66}},"32":{"start":{"line":60,"column":41},"end":{"line":69,"column":5}},"33":{"start":{"line":61,"column":8},"end":{"line":61,"column":36}},"34":{"start":{"line":61,"column":29},"end":{"line":61,"column":36}},"35":{"start":{"line":63,"column":8},"end":{"line":68,"column":9}},"36":{"start":{"line":64,"column":12},"end":{"line":64,"column":111}},"37":{"start":{"line":65,"column":12},"end":{"line":65,"column":53}},"38":{"start":{"line":67,"column":12},"end":{"line":67,"column":75}},"39":{"start":{"line":71,"column":4},"end":{"line":85,"column":6}}},"fnMap":{"0":{"name":"(anonymous_0)","decl":{"start":{"line":6,"column":28},"end":{"line":6,"column":29}},"loc":{"start":{"line":6,"column":46},"end":{"line":86,"column":1}},"line":6},"1":{"name":"(anonymous_1)","decl":{"start":{"line":12,"column":33},"end":{"line":12,"column":34}},"loc":{"start":{"line":12,"column":53},"end":{"line":20,"column":5}},"line":12},"2":{"name":"(anonymous_2)","decl":{"start":{"line":23,"column":41},"end":{"line":23,"column":42}},"loc":{"start":{"line":23,"column":61},"end":{"line":31,"column":5}},"line":23},"3":{"name":"(anonymous_3)","decl":{"start":{"line":34,"column":18},"end":{"line":34,"column":19}},"loc":{"start":{"line":34,"column":42},"end":{"line":38,"column":5}},"line":34},"4":{"name":"(anonymous_4)","decl":{"start":{"line":41,"column":19},"end":{"line":41,"column":20}},"loc":{"start":{"line":41,"column":25},"end":{"line":45,"column":5}},"line":41},"5":{"name":"(anonymous_5)","decl":{"start":{"line":48,"column":25},"end":{"line":48,"column":26}},"loc":{"start":{"line":48,"column":42},"end":{"line":57,"column":5}},"line":48},"6":{"name":"(anonymous_6)","decl":{"start":{"line":60,"column":41},"end":{"line":60,"column":42}},"loc":{"start":{"line":60,"column":58},"end":{"line":69,"column":5}},"line":60}},"branchMap":{"0":{"loc":{"start":{"line":49,"column":8},"end":{"line":49,"column":36}},"type":"if","locations":[{"start":{"line":49,"column":8},"end":{"line":49,"column":36}},{"start":{},"end":{}}],"line":49},"1":{"loc":{"start":{"line":52,"column":69},"end":{"line":52,"column":93}},"type":"cond-expr","locations":[{"start":{"line":52,"column":77},"end":{"line":52,"column":83}},{"start":{"line":52,"column":86},"end":{"line":52,"column":93}}],"line":52},"2":{"loc":{"start":{"line":61,"column":8},"end":{"line":61,"column":36}},"type":"if","locations":[{"start":{"line":61,"column":8},"end":{"line":61,"column":36}},{"start":{},"end":{}}],"line":61},"3":{"loc":{"start":{"line":64,"column":85},"end":{"line":64,"column":109}},"type":"cond-expr","locations":[{"start":{"line":64,"column":93},"end":{"line":64,"column":99}},{"start":{"line":64,"column":102},"end":{"line":64,"column":109}}],"line":64}},"s":{"0":6,"1":6,"2":13,"3":13,"4":13,"5":13,"6":5,"7":5,"8":4,"9":1,"10":1,"11":13,"12":5,"13":5,"14":5,"15":0,"16":0,"17":13,"18":5,"19":5,"20":5,"21":13,"22":1,"23":1,"24":1,"25":13,"26":1,"27":0,"28":1,"29":1,"30":1,"31":0,"32":13,"33":1,"34":0,"35":1,"36":1,"37":1,"38":0,"39":13},"f":{"0":13,"1":5,"2":5,"3":5,"4":1,"5":1,"6":1},"b":{"0":[0,1],"1":[1,0],"2":[0,1],"3":[1,0]},"_coverageSchema":"1a1c01bbd47fc00a2c39e90264f33305004495a9","hash":"304257ac1c5805773c86bb6a8d1b364cb9dec44c"}
,"/Users/ameliagoldsby/Documents/Python/myDrive/screens/HomeScreen.js": {"path":"/Users/ameliagoldsby/Documents/Python/myDrive/screens/HomeScreen.js","statementMap":{"0":{"start":{"line":15,"column":12},"end":{"line":15,"column":43}},"1":{"start":{"line":16,"column":21},"end":{"line":16,"column":52}},"2":{"start":{"line":17,"column":25},"end":{"line":17,"column":41}},"3":{"start":{"line":20,"column":19},"end":{"line":20,"column":38}},"4":{"start":{"line":21,"column":21},"end":{"line":21,"column":44}},"5":{"start":{"line":22,"column":36},"end":{"line":22,"column":48}},"6":{"start":{"line":23,"column":44},"end":{"line":23,"column":55}},"7":{"start":{"line":24,"column":32},"end":{"line":24,"column":47}},"8":{"start":{"line":26,"column":58},"end":{"line":26,"column":73}},"9":{"start":{"line":27,"column":38},"end":{"line":27,"column":53}},"10":{"start":{"line":28,"column":46},"end":{"line":28,"column":60}},"11":{"start":{"line":30,"column":4},"end":{"line":76,"column":15}},"12":{"start":{"line":32,"column":12},"end":{"line":32,"column":34}},"13":{"start":{"line":32,"column":27},"end":{"line":32,"column":34}},"14":{"start":{"line":34,"column":28},"end":{"line":34,"column":65}},"15":{"start":{"line":35,"column":12},"end":{"line":35,"column":33}},"16":{"start":{"line":38,"column":29},"end":{"line":41,"column":14}},"17":{"start":{"line":39,"column":32},"end":{"line":39,"column":94}},"18":{"start":{"line":40,"column":16},"end":{"line":40,"column":37}},"19":{"start":{"line":43,"column":31},"end":{"line":53,"column":17}},"20":{"start":{"line":44,"column":28},"end":{"line":44,"column":43}},"21":{"start":{"line":45,"column":16},"end":{"line":51,"column":17}},"22":{"start":{"line":46,"column":20},"end":{"line":50,"column":21}},"23":{"start":{"line":47,"column":24},"end":{"line":47,"column":62}},"24":{"start":{"line":49,"column":24},"end":{"line":49,"column":34}},"25":{"start":{"line":52,"column":16},"end":{"line":52,"column":35}},"26":{"start":{"line":55,"column":29},"end":{"line":55,"column":79}},"27":{"start":{"line":56,"column":12},"end":{"line":56,"column":50}},"28":{"start":{"line":59,"column":29},"end":{"line":62,"column":14}},"29":{"start":{"line":60,"column":32},"end":{"line":60,"column":94}},"30":{"start":{"line":61,"column":16},"end":{"line":61,"column":62}},"31":{"start":{"line":64,"column":40},"end":{"line":64,"column":95}},"32":{"start":{"line":64,"column":68},"end":{"line":64,"column":91}},"33":{"start":{"line":66,"column":12},"end":{"line":72,"column":13}},"34":{"start":{"line":67,"column":16},"end":{"line":67,"column":88}},"35":{"start":{"line":67,"column":41},"end":{"line":67,"column":86}},"36":{"start":{"line":68,"column":16},"end":{"line":68,"column":45}},"37":{"start":{"line":70,"column":16},"end":{"line":70,"column":39}},"38":{"start":{"line":71,"column":16},"end":{"line":71,"column":46}},"39":{"start":{"line":75,"column":8},"end":{"line":75,"column":24}},"40":{"start":{"line":78,"column":28},"end":{"line":80,"column":5}},"41":{"start":{"line":79,"column":8},"end":{"line":79,"column":43}},"42":{"start":{"line":82,"column":4},"end":{"line":172,"column":6}},"43":{"start":{"line":97,"column":69},"end":{"line":97,"column":87}},"44":{"start":{"line":118,"column":28},"end":{"line":118,"column":103}},"45":{"start":{"line":118,"column":69},"end":{"line":118,"column":98}},"46":{"start":{"line":123,"column":28},"end":{"line":123,"column":101}},"47":{"start":{"line":133,"column":42},"end":{"line":133,"column":61}},"48":{"start":{"line":139,"column":47},"end":{"line":139,"column":66}}},"fnMap":{"0":{"name":"HomeScreen","decl":{"start":{"line":19,"column":24},"end":{"line":19,"column":34}},"loc":{"start":{"line":19,"column":37},"end":{"line":173,"column":1}},"line":19},"1":{"name":"(anonymous_1)","decl":{"start":{"line":30,"column":14},"end":{"line":30,"column":15}},"loc":{"start":{"line":30,"column":20},"end":{"line":76,"column":5}},"line":30},"2":{"name":"fetchJourneys","decl":{"start":{"line":31,"column":23},"end":{"line":31,"column":36}},"loc":{"start":{"line":31,"column":39},"end":{"line":73,"column":9}},"line":31},"3":{"name":"(anonymous_3)","decl":{"start":{"line":38,"column":44},"end":{"line":38,"column":45}},"loc":{"start":{"line":38,"column":49},"end":{"line":41,"column":13}},"line":38},"4":{"name":"(anonymous_4)","decl":{"start":{"line":43,"column":47},"end":{"line":43,"column":48}},"loc":{"start":{"line":43,"column":59},"end":{"line":53,"column":13}},"line":43},"5":{"name":"(anonymous_5)","decl":{"start":{"line":59,"column":44},"end":{"line":59,"column":45}},"loc":{"start":{"line":59,"column":49},"end":{"line":62,"column":13}},"line":59},"6":{"name":"(anonymous_6)","decl":{"start":{"line":64,"column":56},"end":{"line":64,"column":57}},"loc":{"start":{"line":64,"column":68},"end":{"line":64,"column":91}},"line":64},"7":{"name":"(anonymous_7)","decl":{"start":{"line":67,"column":33},"end":{"line":67,"column":34}},"loc":{"start":{"line":67,"column":41},"end":{"line":67,"column":86}},"line":67},"8":{"name":"(anonymous_8)","decl":{"start":{"line":78,"column":28},"end":{"line":78,"column":29}},"loc":{"start":{"line":78,"column":34},"end":{"line":80,"column":5}},"line":78},"9":{"name":"(anonymous_9)","decl":{"start":{"line":97,"column":63},"end":{"line":97,"column":64}},"loc":{"start":{"line":97,"column":69},"end":{"line":97,"column":87}},"line":97},"10":{"name":"(anonymous_10)","decl":{"start":{"line":117,"column":25},"end":{"line":117,"column":26}},"loc":{"start":{"line":118,"column":28},"end":{"line":118,"column":103}},"line":118},"11":{"name":"(anonymous_11)","decl":{"start":{"line":118,"column":64},"end":{"line":118,"column":65}},"loc":{"start":{"line":118,"column":69},"end":{"line":118,"column":98}},"line":118},"12":{"name":"(anonymous_12)","decl":{"start":{"line":122,"column":25},"end":{"line":122,"column":26}},"loc":{"start":{"line":123,"column":28},"end":{"line":123,"column":101}},"line":123},"13":{"name":"(anonymous_13)","decl":{"start":{"line":133,"column":36},"end":{"line":133,"column":37}},"loc":{"start":{"line":133,"column":42},"end":{"line":133,"column":61}},"line":133},"14":{"name":"(anonymous_14)","decl":{"start":{"line":139,"column":41},"end":{"line":139,"column":42}},"loc":{"start":{"line":139,"column":47},"end":{"line":139,"column":66}},"line":139}},"branchMap":{"0":{"loc":{"start":{"line":32,"column":12},"end":{"line":32,"column":34}},"type":"if","locations":[{"start":{"line":32,"column":12},"end":{"line":32,"column":34}},{"start":{},"end":{}}],"line":32},"1":{"loc":{"start":{"line":45,"column":16},"end":{"line":51,"column":17}},"type":"if","locations":[{"start":{"line":45,"column":16},"end":{"line":51,"column":17}},{"start":{},"end":{}}],"line":45},"2":{"loc":{"start":{"line":47,"column":32},"end":{"line":47,"column":61}},"type":"binary-expr","locations":[{"start":{"line":47,"column":32},"end":{"line":47,"column":56}},{"start":{"line":47,"column":60},"end":{"line":47,"column":61}}],"line":47},"3":{"loc":{"start":{"line":55,"column":29},"end":{"line":55,"column":79}},"type":"cond-expr","locations":[{"start":{"line":55,"column":47},"end":{"line":55,"column":75}},{"start":{"line":55,"column":78},"end":{"line":55,"column":79}}],"line":55},"4":{"loc":{"start":{"line":61,"column":23},"end":{"line":61,"column":61}},"type":"binary-expr","locations":[{"start":{"line":61,"column":23},"end":{"line":61,"column":36}},{"start":{"line":61,"column":40},"end":{"line":61,"column":61}}],"line":61},"5":{"loc":{"start":{"line":61,"column":41},"end":{"line":61,"column":56}},"type":"binary-expr","locations":[{"start":{"line":61,"column":41},"end":{"line":61,"column":51}},{"start":{"line":61,"column":55},"end":{"line":61,"column":56}}],"line":61},"6":{"loc":{"start":{"line":64,"column":75},"end":{"line":64,"column":90}},"type":"binary-expr","locations":[{"start":{"line":64,"column":75},"end":{"line":64,"column":85}},{"start":{"line":64,"column":89},"end":{"line":64,"column":90}}],"line":64},"7":{"loc":{"start":{"line":66,"column":12},"end":{"line":72,"column":13}},"type":"if","locations":[{"start":{"line":66,"column":12},"end":{"line":72,"column":13}},{"start":{"line":69,"column":19},"end":{"line":72,"column":13}}],"line":66},"8":{"loc":{"start":{"line":67,"column":41},"end":{"line":67,"column":86}},"type":"binary-expr","locations":[{"start":{"line":67,"column":41},"end":{"line":67,"column":45}},{"start":{"line":67,"column":49},"end":{"line":67,"column":86}}],"line":67},"9":{"loc":{"start":{"line":86,"column":21},"end":{"line":103,"column":21}},"type":"binary-expr","locations":[{"start":{"line":86,"column":21},"end":{"line":86,"column":36}},{"start":{"line":87,"column":24},"end":{"line":102,"column":27}}],"line":86},"10":{"loc":{"start":{"line":92,"column":29},"end":{"line":101,"column":29}},"type":"binary-expr","locations":[{"start":{"line":92,"column":29},"end":{"line":92,"column":48}},{"start":{"line":93,"column":32},"end":{"line":100,"column":39}}],"line":92}},"s":{"0":1,"1":1,"2":1,"3":2,"4":2,"5":2,"6":2,"7":2,"8":2,"9":2,"10":2,"11":2,"12":2,"13":1,"14":1,"15":1,"16":1,"17":2,"18":2,"19":1,"20":1,"21":1,"22":0,"23":0,"24":0,"25":1,"26":1,"27":1,"28":1,"29":2,"30":2,"31":1,"32":2,"33":1,"34":0,"35":0,"36":0,"37":1,"38":1,"39":2,"40":2,"41":0,"42":2,"43":0,"44":0,"45":0,"46":0,"47":0,"48":0},"f":{"0":2,"1":2,"2":2,"3":2,"4":1,"5":2,"6":2,"7":0,"8":0,"9":0,"10":0,"11":0,"12":0,"13":0,"14":0},"b":{"0":[1,1],"1":[0,1],"2":[0,0],"3":[1,0],"4":[2,2],"5":[2,0],"6":[2,0],"7":[0,1],"8":[0,0],"9":[2,1],"10":[1,0]},"_coverageSchema":"1a1c01bbd47fc00a2c39e90264f33305004495a9","hash":"d156fbd6a8dfe629a167e10e60f6d2648af92930"}
,"/Users/ameliagoldsby/Documents/Python/myDrive/screens/JourneyScreen.js": {"path":"/Users/ameliagoldsby/Documents/Python/myDrive/screens/JourneyScreen.js","statementMap":{"0":{"start":{"line":19,"column":4},"end":{"line":19,"column":38}},"1":{"start":{"line":19,"column":21},"end":{"line":19,"column":38}},"2":{"start":{"line":20,"column":4},"end":{"line":20,"column":38}},"3":{"start":{"line":20,"column":21},"end":{"line":20,"column":38}},"4":{"start":{"line":21,"column":4},"end":{"line":21,"column":21}},"5":{"start":{"line":25,"column":4},"end":{"line":27,"column":51}},"6":{"start":{"line":27,"column":32},"end":{"line":27,"column":49}},"7":{"start":{"line":31,"column":4},"end":{"line":31,"column":29}},"8":{"start":{"line":31,"column":17},"end":{"line":31,"column":29}},"9":{"start":{"line":33,"column":4},"end":{"line":53,"column":6}},"10":{"start":{"line":36,"column":16},"end":{"line":36,"column":49}},"11":{"start":{"line":36,"column":37},"end":{"line":36,"column":49}},"12":{"start":{"line":37,"column":16},"end":{"line":50,"column":18}},"13":{"start":{"line":57,"column":24},"end":{"line":57,"column":42}},"14":{"start":{"line":58,"column":21},"end":{"line":58,"column":44}},"15":{"start":{"line":60,"column":62},"end":{"line":60,"column":77}},"16":{"start":{"line":61,"column":60},"end":{"line":61,"column":75}},"17":{"start":{"line":62,"column":44},"end":{"line":62,"column":58}},"18":{"start":{"line":64,"column":4},"end":{"line":70,"column":5}},"19":{"start":{"line":65,"column":8},"end":{"line":69,"column":10}},"20":{"start":{"line":72,"column":33},"end":{"line":76,"column":5}},"21":{"start":{"line":73,"column":8},"end":{"line":73,"column":30}},"22":{"start":{"line":74,"column":8},"end":{"line":74,"column":39}},"23":{"start":{"line":75,"column":8},"end":{"line":75,"column":39}},"24":{"start":{"line":78,"column":32},"end":{"line":93,"column":5}},"25":{"start":{"line":79,"column":8},"end":{"line":92,"column":9}},"26":{"start":{"line":80,"column":12},"end":{"line":80,"column":58}},"27":{"start":{"line":81,"column":12},"end":{"line":81,"column":43}},"28":{"start":{"line":82,"column":12},"end":{"line":82,"column":44}},"29":{"start":{"line":83,"column":12},"end":{"line":83,"column":77}},"30":{"start":{"line":84,"column":12},"end":{"line":89,"column":14}},"31":{"start":{"line":91,"column":12},"end":{"line":91,"column":62}},"32":{"start":{"line":95,"column":4},"end":{"line":223,"column":6}},"33":{"start":{"line":100,"column":35},"end":{"line":100,"column":54}},"34":{"start":{"line":164,"column":38},"end":{"line":164,"column":69}},"35":{"start":{"line":175,"column":36},"end":{"line":175,"column":58}},"36":{"start":{"line":176,"column":36},"end":{"line":176,"column":68}},"37":{"start":{"line":177,"column":36},"end":{"line":177,"column":66}},"38":{"start":{"line":186,"column":36},"end":{"line":186,"column":59}},"39":{"start":{"line":187,"column":36},"end":{"line":187,"column":68}},"40":{"start":{"line":202,"column":38},"end":{"line":202,"column":68}},"41":{"start":{"line":215,"column":43},"end":{"line":215,"column":73}}},"fnMap":{"0":{"name":"getScoreColor","decl":{"start":{"line":18,"column":9},"end":{"line":18,"column":22}},"loc":{"start":{"line":18,"column":30},"end":{"line":22,"column":1}},"line":18},"1":{"name":"formatLabel","decl":{"start":{"line":24,"column":9},"end":{"line":24,"column":20}},"loc":{"start":{"line":24,"column":26},"end":{"line":28,"column":1}},"line":24},"2":{"name":"(anonymous_2)","decl":{"start":{"line":27,"column":23},"end":{"line":27,"column":24}},"loc":{"start":{"line":27,"column":32},"end":{"line":27,"column":49}},"line":27},"3":{"name":"ScoreBreakdown","decl":{"start":{"line":30,"column":9},"end":{"line":30,"column":23}},"loc":{"start":{"line":30,"column":36},"end":{"line":54,"column":1}},"line":30},"4":{"name":"(anonymous_4)","decl":{"start":{"line":35,"column":40},"end":{"line":35,"column":41}},"loc":{"start":{"line":35,"column":58},"end":{"line":51,"column":13}},"line":35},"5":{"name":"JourneyScreen","decl":{"start":{"line":56,"column":24},"end":{"line":56,"column":37}},"loc":{"start":{"line":56,"column":61},"end":{"line":224,"column":1}},"line":56},"6":{"name":"(anonymous_6)","decl":{"start":{"line":72,"column":33},"end":{"line":72,"column":34}},"loc":{"start":{"line":72,"column":39},"end":{"line":76,"column":5}},"line":72},"7":{"name":"(anonymous_7)","decl":{"start":{"line":78,"column":32},"end":{"line":78,"column":33}},"loc":{"start":{"line":78,"column":44},"end":{"line":93,"column":5}},"line":78},"8":{"name":"(anonymous_8)","decl":{"start":{"line":100,"column":29},"end":{"line":100,"column":30}},"loc":{"start":{"line":100,"column":35},"end":{"line":100,"column":54}},"line":100},"9":{"name":"(anonymous_9)","decl":{"start":{"line":164,"column":32},"end":{"line":164,"column":33}},"loc":{"start":{"line":164,"column":38},"end":{"line":164,"column":69}},"line":164},"10":{"name":"(anonymous_10)","decl":{"start":{"line":174,"column":41},"end":{"line":174,"column":42}},"loc":{"start":{"line":174,"column":47},"end":{"line":178,"column":33}},"line":174},"11":{"name":"(anonymous_11)","decl":{"start":{"line":185,"column":41},"end":{"line":185,"column":42}},"loc":{"start":{"line":185,"column":47},"end":{"line":188,"column":33}},"line":185},"12":{"name":"(anonymous_12)","decl":{"start":{"line":202,"column":32},"end":{"line":202,"column":33}},"loc":{"start":{"line":202,"column":38},"end":{"line":202,"column":68}},"line":202},"13":{"name":"(anonymous_13)","decl":{"start":{"line":215,"column":37},"end":{"line":215,"column":38}},"loc":{"start":{"line":215,"column":43},"end":{"line":215,"column":73}},"line":215}},"branchMap":{"0":{"loc":{"start":{"line":19,"column":4},"end":{"line":19,"column":38}},"type":"if","locations":[{"start":{"line":19,"column":4},"end":{"line":19,"column":38}},{"start":{},"end":{}}],"line":19},"1":{"loc":{"start":{"line":20,"column":4},"end":{"line":20,"column":38}},"type":"if","locations":[{"start":{"line":20,"column":4},"end":{"line":20,"column":38}},{"start":{},"end":{}}],"line":20},"2":{"loc":{"start":{"line":31,"column":4},"end":{"line":31,"column":29}},"type":"if","locations":[{"start":{"line":31,"column":4},"end":{"line":31,"column":29}},{"start":{},"end":{}}],"line":31},"3":{"loc":{"start":{"line":36,"column":16},"end":{"line":36,"column":49}},"type":"if","locations":[{"start":{"line":36,"column":16},"end":{"line":36,"column":49}},{"start":{},"end":{}}],"line":36},"4":{"loc":{"start":{"line":57,"column":24},"end":{"line":57,"column":42}},"type":"binary-expr","locations":[{"start":{"line":57,"column":24},"end":{"line":57,"column":36}},{"start":{"line":57,"column":40},"end":{"line":57,"column":42}}],"line":57},"5":{"loc":{"start":{"line":64,"column":4},"end":{"line":70,"column":5}},"type":"if","locations":[{"start":{"line":64,"column":4},"end":{"line":70,"column":5}},{"start":{},"end":{}}],"line":64},"6":{"loc":{"start":{"line":114,"column":38},"end":{"line":114,"column":64}},"type":"binary-expr","locations":[{"start":{"line":114,"column":38},"end":{"line":114,"column":59}},{"start":{"line":114,"column":63},"end":{"line":114,"column":64}}],"line":114},"7":{"loc":{"start":{"line":123,"column":29},"end":{"line":123,"column":83}},"type":"cond-expr","locations":[{"start":{"line":123,"column":48},"end":{"line":123,"column":75}},{"start":{"line":123,"column":78},"end":{"line":123,"column":83}}],"line":123},"8":{"loc":{"start":{"line":133,"column":29},"end":{"line":133,"column":81}},"type":"cond-expr","locations":[{"start":{"line":133,"column":46},"end":{"line":133,"column":73}},{"start":{"line":133,"column":76},"end":{"line":133,"column":81}}],"line":133}},"s":{"0":10,"1":5,"2":5,"3":5,"4":0,"5":10,"6":10,"7":5,"8":0,"9":5,"10":15,"11":5,"12":10,"13":6,"14":6,"15":6,"16":6,"17":6,"18":6,"19":1,"20":5,"21":1,"22":1,"23":1,"24":5,"25":0,"26":0,"27":0,"28":0,"29":0,"30":0,"31":0,"32":5,"33":1,"34":0,"35":0,"36":0,"37":0,"38":1,"39":1,"40":0,"41":0},"f":{"0":10,"1":10,"2":10,"3":5,"4":15,"5":6,"6":1,"7":0,"8":1,"9":0,"10":0,"11":1,"12":0,"13":0},"b":{"0":[5,5],"1":[5,0],"2":[0,5],"3":[5,10],"4":[6,0],"5":[1,5],"6":[5,0],"7":[5,0],"8":[5,0]},"_coverageSchema":"1a1c01bbd47fc00a2c39e90264f33305004495a9","hash":"5f0886c2c75a938403c509b2bbde1e7257c865c0"}
,"/Users/ameliagoldsby/Documents/Python/myDrive/screens/ProfileScreen.js": {"path":"/Users/ameliagoldsby/Documents/Python/myDrive/screens/ProfileScreen.js","statementMap":{"0":{"start":{"line":16,"column":21},"end":{"line":16,"column":44}},"1":{"start":{"line":17,"column":42},"end":{"line":17,"column":56}},"2":{"start":{"line":18,"column":38},"end":{"line":18,"column":53}},"3":{"start":{"line":20,"column":4},"end":{"line":33,"column":15}},"4":{"start":{"line":21,"column":33},"end":{"line":30,"column":9}},"5":{"start":{"line":22,"column":12},"end":{"line":29,"column":13}},"6":{"start":{"line":23,"column":16},"end":{"line":26,"column":17}},"7":{"start":{"line":24,"column":37},"end":{"line":24,"column":63}},"8":{"start":{"line":25,"column":20},"end":{"line":25,"column":45}},"9":{"start":{"line":28,"column":16},"end":{"line":28,"column":69}},"10":{"start":{"line":32,"column":8},"end":{"line":32,"column":27}},"11":{"start":{"line":35,"column":4},"end":{"line":69,"column":6}},"12":{"start":{"line":42,"column":35},"end":{"line":42,"column":53}},"13":{"start":{"line":67,"column":58},"end":{"line":67,"column":77}},"14":{"start":{"line":73,"column":29},"end":{"line":75,"column":5}},"15":{"start":{"line":74,"column":8},"end":{"line":74,"column":54}},"16":{"start":{"line":76,"column":29},"end":{"line":78,"column":5}},"17":{"start":{"line":77,"column":8},"end":{"line":77,"column":43}},"18":{"start":{"line":80,"column":4},"end":{"line":135,"column":6}}},"fnMap":{"0":{"name":"ProfileScreen","decl":{"start":{"line":15,"column":24},"end":{"line":15,"column":37}},"loc":{"start":{"line":15,"column":40},"end":{"line":70,"column":1}},"line":15},"1":{"name":"(anonymous_1)","decl":{"start":{"line":20,"column":14},"end":{"line":20,"column":15}},"loc":{"start":{"line":20,"column":20},"end":{"line":33,"column":5}},"line":20},"2":{"name":"(anonymous_2)","decl":{"start":{"line":21,"column":33},"end":{"line":21,"column":34}},"loc":{"start":{"line":21,"column":45},"end":{"line":30,"column":9}},"line":21},"3":{"name":"(anonymous_3)","decl":{"start":{"line":42,"column":29},"end":{"line":42,"column":30}},"loc":{"start":{"line":42,"column":35},"end":{"line":42,"column":53}},"line":42},"4":{"name":"(anonymous_4)","decl":{"start":{"line":67,"column":52},"end":{"line":67,"column":53}},"loc":{"start":{"line":67,"column":58},"end":{"line":67,"column":77}},"line":67},"5":{"name":"HelpModal","decl":{"start":{"line":72,"column":9},"end":{"line":72,"column":18}},"loc":{"start":{"line":72,"column":41},"end":{"line":136,"column":1}},"line":72},"6":{"name":"(anonymous_6)","decl":{"start":{"line":73,"column":29},"end":{"line":73,"column":30}},"loc":{"start":{"line":73,"column":35},"end":{"line":75,"column":5}},"line":73},"7":{"name":"(anonymous_7)","decl":{"start":{"line":76,"column":29},"end":{"line":76,"column":30}},"loc":{"start":{"line":76,"column":35},"end":{"line":78,"column":5}},"line":76},"8":{"name":"(anonymous_8)","decl":{"start":{"line":97,"column":29},"end":{"line":97,"column":30}},"loc":{"start":{"line":97,"column":35},"end":{"line":97,"column":38}},"line":97}},"branchMap":{"0":{"loc":{"start":{"line":23,"column":16},"end":{"line":26,"column":17}},"type":"if","locations":[{"start":{"line":23,"column":16},"end":{"line":26,"column":17}},{"start":{},"end":{}}],"line":23},"1":{"loc":{"start":{"line":48,"column":17},"end":{"line":64,"column":17}},"type":"cond-expr","locations":[{"start":{"line":49,"column":20},"end":{"line":61,"column":23}},{"start":{"line":63,"column":20},"end":{"line":63,"column":97}}],"line":48}},"s":{"0":6,"1":6,"2":6,"3":6,"4":4,"5":4,"6":4,"7":3,"8":2,"9":1,"10":4,"11":6,"12":1,"13":1,"14":6,"15":0,"16":6,"17":0,"18":6},"f":{"0":6,"1":4,"2":4,"3":1,"4":1,"5":6,"6":0,"7":0,"8":0},"b":{"0":[3,1],"1":[0,6]},"_coverageSchema":"1a1c01bbd47fc00a2c39e90264f33305004495a9","hash":"cf7973294ee1ddefe0ae67ea822112f4ff1c286e"}
,"/Users/ameliagoldsby/Documents/Python/myDrive/screens/AuthScreens/LoginScreen.js": {"path":"/Users/ameliagoldsby/Documents/Python/myDrive/screens/AuthScreens/LoginScreen.js","statementMap":{"0":{"start":{"line":16,"column":22},"end":{"line":16,"column":45}},"1":{"start":{"line":17,"column":36},"end":{"line":17,"column":48}},"2":{"start":{"line":18,"column":36},"end":{"line":18,"column":48}},"3":{"start":{"line":19,"column":34},"end":{"line":19,"column":49}},"4":{"start":{"line":21,"column":4},"end":{"line":26,"column":21}},"5":{"start":{"line":22,"column":8},"end":{"line":25,"column":11}},"6":{"start":{"line":28,"column":24},"end":{"line":68,"column":5}},"7":{"start":{"line":29,"column":8},"end":{"line":32,"column":9}},"8":{"start":{"line":30,"column":12},"end":{"line":30,"column":77}},"9":{"start":{"line":31,"column":12},"end":{"line":31,"column":19}},"10":{"start":{"line":34,"column":8},"end":{"line":34,"column":25}},"11":{"start":{"line":35,"column":8},"end":{"line":67,"column":9}},"12":{"start":{"line":36,"column":26},"end":{"line":36,"column":45}},"13":{"start":{"line":38,"column":12},"end":{"line":42,"column":13}},"14":{"start":{"line":39,"column":16},"end":{"line":39,"column":63}},"15":{"start":{"line":40,"column":16},"end":{"line":40,"column":34}},"16":{"start":{"line":41,"column":16},"end":{"line":41,"column":23}},"17":{"start":{"line":44,"column":25},"end":{"line":46,"column":13}},"18":{"start":{"line":45,"column":23},"end":{"line":45,"column":73}},"19":{"start":{"line":48,"column":12},"end":{"line":62,"column":13}},"20":{"start":{"line":49,"column":16},"end":{"line":58,"column":17}},"21":{"start":{"line":50,"column":20},"end":{"line":50,"column":32}},"22":{"start":{"line":51,"column":20},"end":{"line":51,"column":38}},"23":{"start":{"line":54,"column":20},"end":{"line":57,"column":29}},"24":{"start":{"line":55,"column":24},"end":{"line":55,"column":36}},"25":{"start":{"line":56,"column":24},"end":{"line":56,"column":42}},"26":{"start":{"line":60,"column":16},"end":{"line":60,"column":70}},"27":{"start":{"line":61,"column":16},"end":{"line":61,"column":34}},"28":{"start":{"line":64,"column":12},"end":{"line":64,"column":53}},"29":{"start":{"line":65,"column":12},"end":{"line":65,"column":54}},"30":{"start":{"line":66,"column":12},"end":{"line":66,"column":30}},"31":{"start":{"line":70,"column":4},"end":{"line":115,"column":6}},"32":{"start":{"line":102,"column":35},"end":{"line":102,"column":64}}},"fnMap":{"0":{"name":"LoginScreen","decl":{"start":{"line":15,"column":24},"end":{"line":15,"column":35}},"loc":{"start":{"line":15,"column":76},"end":{"line":116,"column":1}},"line":15},"1":{"name":"(anonymous_1)","decl":{"start":{"line":21,"column":14},"end":{"line":21,"column":15}},"loc":{"start":{"line":21,"column":20},"end":{"line":26,"column":5}},"line":21},"2":{"name":"(anonymous_2)","decl":{"start":{"line":28,"column":24},"end":{"line":28,"column":25}},"loc":{"start":{"line":28,"column":36},"end":{"line":68,"column":5}},"line":28},"3":{"name":"(anonymous_3)","decl":{"start":{"line":45,"column":16},"end":{"line":45,"column":17}},"loc":{"start":{"line":45,"column":23},"end":{"line":45,"column":73}},"line":45},"4":{"name":"(anonymous_4)","decl":{"start":{"line":54,"column":31},"end":{"line":54,"column":32}},"loc":{"start":{"line":54,"column":37},"end":{"line":57,"column":21}},"line":54},"5":{"name":"(anonymous_5)","decl":{"start":{"line":102,"column":29},"end":{"line":102,"column":30}},"loc":{"start":{"line":102,"column":35},"end":{"line":102,"column":64}},"line":102}},"branchMap":{"0":{"loc":{"start":{"line":15,"column":50},"end":{"line":15,"column":72}},"type":"default-arg","locations":[{"start":{"line":15,"column":67},"end":{"line":15,"column":72}}],"line":15},"1":{"loc":{"start":{"line":29,"column":8},"end":{"line":32,"column":9}},"type":"if","locations":[{"start":{"line":29,"column":8},"end":{"line":32,"column":9}},{"start":{},"end":{}}],"line":29},"2":{"loc":{"start":{"line":29,"column":12},"end":{"line":29,"column":34}},"type":"binary-expr","locations":[{"start":{"line":29,"column":12},"end":{"line":29,"column":21}},{"start":{"line":29,"column":25},"end":{"line":29,"column":34}}],"line":29},"3":{"loc":{"start":{"line":38,"column":12},"end":{"line":42,"column":13}},"type":"if","locations":[{"start":{"line":38,"column":12},"end":{"line":42,"column":13}},{"start":{},"end":{}}],"line":38},"4":{"loc":{"start":{"line":45,"column":23},"end":{"line":45,"column":73}},"type":"binary-expr","locations":[{"start":{"line":45,"column":23},"end":{"line":45,"column":46}},{"start":{"line":45,"column":50},"end":{"line":45,"column":73}}],"line":45},"5":{"loc":{"start":{"line":48,"column":12},"end":{"line":62,"column":13}},"type":"if","locations":[{"start":{"line":48,"column":12},"end":{"line":62,"column":13}},{"start":{"line":59,"column":19},"end":{"line":62,"column":13}}],"line":48},"6":{"loc":{"start":{"line":49,"column":16},"end":{"line":58,"column":17}},"type":"if","locations":[{"start":{"line":49,"column":16},"end":{"line":58,"column":17}},{"start":{"line":52,"column":23},"end":{"line":58,"column":17}}],"line":49},"7":{"loc":{"start":{"line":93,"column":47},"end":{"line":93,"column":74}},"type":"binary-expr","locations":[{"start":{"line":93,"column":47},"end":{"line":93,"column":54}},{"start":{"line":93,"column":58},"end":{"line":93,"column":74}}],"line":93},"8":{"loc":{"start":{"line":108,"column":13},"end":{"line":113,"column":13}},"type":"binary-expr","locations":[{"start":{"line":108,"column":13},"end":{"line":108,"column":20}},{"start":{"line":109,"column":16},"end":{"line":112,"column":23}}],"line":108}},"s":{"0":18,"1":18,"2":18,"3":18,"4":18,"5":6,"6":18,"7":4,"8":1,"9":1,"10":3,"11":3,"12":3,"13":2,"14":0,"15":0,"16":0,"17":2,"18":2,"19":2,"20":1,"21":1,"22":1,"23":0,"24":0,"25":0,"26":1,"27":1,"28":1,"29":1,"30":1,"31":18,"32":1},"f":{"0":18,"1":6,"2":4,"3":2,"4":0,"5":1},"b":{"0":[0],"1":[1,3],"2":[4,3],"3":[0,2],"4":[2,1],"5":[1,1],"6":[1,0],"7":[18,3],"8":[18,3]},"_coverageSchema":"1a1c01bbd47fc00a2c39e90264f33305004495a9","hash":"40e9d1942efe2a4a02a87235a379692b5b8df17f"}
,"/Users/ameliagoldsby/Documents/Python/myDrive/screens/AuthScreens/SignUpScreen.js": {"path":"/Users/ameliagoldsby/Documents/Python/myDrive/screens/AuthScreens/SignUpScreen.js","statementMap":{"0":{"start":{"line":16,"column":28},"end":{"line":27,"column":1}},"1":{"start":{"line":17,"column":16},"end":{"line":17,"column":17}},"2":{"start":{"line":18,"column":4},"end":{"line":18,"column":38}},"3":{"start":{"line":18,"column":30},"end":{"line":18,"column":38}},"4":{"start":{"line":19,"column":4},"end":{"line":19,"column":40}},"5":{"start":{"line":19,"column":32},"end":{"line":19,"column":40}},"6":{"start":{"line":20,"column":4},"end":{"line":20,"column":40}},"7":{"start":{"line":20,"column":32},"end":{"line":20,"column":40}},"8":{"start":{"line":21,"column":4},"end":{"line":21,"column":37}},"9":{"start":{"line":21,"column":29},"end":{"line":21,"column":37}},"10":{"start":{"line":22,"column":4},"end":{"line":22,"column":47}},"11":{"start":{"line":22,"column":39},"end":{"line":22,"column":47}},"12":{"start":{"line":24,"column":4},"end":{"line":24,"column":73}},"13":{"start":{"line":24,"column":20},"end":{"line":24,"column":73}},"14":{"start":{"line":25,"column":4},"end":{"line":25,"column":94}},"15":{"start":{"line":25,"column":36},"end":{"line":25,"column":94}},"16":{"start":{"line":26,"column":4},"end":{"line":26,"column":62}},"17":{"start":{"line":30,"column":36},"end":{"line":30,"column":48}},"18":{"start":{"line":31,"column":36},"end":{"line":31,"column":48}},"19":{"start":{"line":32,"column":50},"end":{"line":32,"column":62}},"20":{"start":{"line":33,"column":38},"end":{"line":33,"column":50}},"21":{"start":{"line":34,"column":36},"end":{"line":34,"column":48}},"22":{"start":{"line":35,"column":26},"end":{"line":35,"column":46}},"23":{"start":{"line":36,"column":44},"end":{"line":36,"column":56}},"24":{"start":{"line":37,"column":48},"end":{"line":37,"column":63}},"25":{"start":{"line":38,"column":52},"end":{"line":38,"column":85}},"26":{"start":{"line":40,"column":25},"end":{"line":91,"column":5}},"27":{"start":{"line":41,"column":8},"end":{"line":44,"column":9}},"28":{"start":{"line":42,"column":12},"end":{"line":42,"column":64}},"29":{"start":{"line":43,"column":12},"end":{"line":43,"column":19}},"30":{"start":{"line":47,"column":22},"end":{"line":47,"column":32}},"31":{"start":{"line":48,"column":26},"end":{"line":48,"column":39}},"32":{"start":{"line":49,"column":20},"end":{"line":49,"column":65}},"33":{"start":{"line":50,"column":26},"end":{"line":50,"column":65}},"34":{"start":{"line":51,"column":24},"end":{"line":51,"column":61}},"35":{"start":{"line":54,"column":12},"end":{"line":54,"column":92}},"36":{"start":{"line":56,"column":8},"end":{"line":59,"column":9}},"37":{"start":{"line":57,"column":12},"end":{"line":57,"column":92}},"38":{"start":{"line":58,"column":12},"end":{"line":58,"column":19}},"39":{"start":{"line":61,"column":8},"end":{"line":64,"column":9}},"40":{"start":{"line":62,"column":12},"end":{"line":62,"column":60}},"41":{"start":{"line":63,"column":12},"end":{"line":63,"column":19}},"42":{"start":{"line":66,"column":8},"end":{"line":69,"column":9}},"43":{"start":{"line":67,"column":12},"end":{"line":67,"column":76}},"44":{"start":{"line":68,"column":12},"end":{"line":68,"column":19}},"45":{"start":{"line":71,"column":8},"end":{"line":90,"column":9}},"46":{"start":{"line":72,"column":28},"end":{"line":78,"column":14}},"47":{"start":{"line":80,"column":12},"end":{"line":83,"column":13}},"48":{"start":{"line":81,"column":16},"end":{"line":81,"column":88}},"49":{"start":{"line":82,"column":16},"end":{"line":82,"column":23}},"50":{"start":{"line":85,"column":12},"end":{"line":85,"column":55}},"51":{"start":{"line":86,"column":12},"end":{"line":86,"column":41}},"52":{"start":{"line":88,"column":12},"end":{"line":88,"column":53}},"53":{"start":{"line":89,"column":12},"end":{"line":89,"column":62}},"54":{"start":{"line":95,"column":25},"end":{"line":103,"column":5}},"55":{"start":{"line":96,"column":8},"end":{"line":96,"column":33}},"56":{"start":{"line":97,"column":8},"end":{"line":102,"column":9}},"57":{"start":{"line":98,"column":32},"end":{"line":98,"column":51}},"58":{"start":{"line":99,"column":12},"end":{"line":99,"column":32}},"59":{"start":{"line":100,"column":34},"end":{"line":100,"column":119}},"60":{"start":{"line":101,"column":12},"end":{"line":101,"column":43}},"61":{"start":{"line":105,"column":4},"end":{"line":200,"column":6}},"62":{"start":{"line":121,"column":49},"end":{"line":121,"column":72}},"63":{"start":{"line":153,"column":24},"end":{"line":153,"column":42}},"64":{"start":{"line":154,"column":24},"end":{"line":154,"column":71}},"65":{"start":{"line":188,"column":35},"end":{"line":188,"column":54}}},"fnMap":{"0":{"name":"(anonymous_0)","decl":{"start":{"line":16,"column":28},"end":{"line":16,"column":29}},"loc":{"start":{"line":16,"column":42},"end":{"line":27,"column":1}},"line":16},"1":{"name":"SignUpScreen","decl":{"start":{"line":29,"column":24},"end":{"line":29,"column":36}},"loc":{"start":{"line":29,"column":53},"end":{"line":201,"column":1}},"line":29},"2":{"name":"(anonymous_2)","decl":{"start":{"line":40,"column":25},"end":{"line":40,"column":26}},"loc":{"start":{"line":40,"column":37},"end":{"line":91,"column":5}},"line":40},"3":{"name":"(anonymous_3)","decl":{"start":{"line":95,"column":25},"end":{"line":95,"column":26}},"loc":{"start":{"line":95,"column":50},"end":{"line":103,"column":5}},"line":95},"4":{"name":"(anonymous_4)","decl":{"start":{"line":121,"column":43},"end":{"line":121,"column":44}},"loc":{"start":{"line":121,"column":49},"end":{"line":121,"column":72}},"line":121},"5":{"name":"(anonymous_5)","decl":{"start":{"line":152,"column":34},"end":{"line":152,"column":35}},"loc":{"start":{"line":152,"column":44},"end":{"line":155,"column":21}},"line":152},"6":{"name":"(anonymous_6)","decl":{"start":{"line":188,"column":29},"end":{"line":188,"column":30}},"loc":{"start":{"line":188,"column":35},"end":{"line":188,"column":54}},"line":188}},"branchMap":{"0":{"loc":{"start":{"line":18,"column":4},"end":{"line":18,"column":38}},"type":"if","locations":[{"start":{"line":18,"column":4},"end":{"line":18,"column":38}},{"start":{},"end":{}}],"line":18},"1":{"loc":{"start":{"line":19,"column":4},"end":{"line":19,"column":40}},"type":"if","locations":[{"start":{"line":19,"column":4},"end":{"line":19,"column":40}},{"start":{},"end":{}}],"line":19},"2":{"loc":{"start":{"line":20,"column":4},"end":{"line":20,"column":40}},"type":"if","locations":[{"start":{"line":20,"column":4},"end":{"line":20,"column":40}},{"start":{},"end":{}}],"line":20},"3":{"loc":{"start":{"line":21,"column":4},"end":{"line":21,"column":37}},"type":"if","locations":[{"start":{"line":21,"column":4},"end":{"line":21,"column":37}},{"start":{},"end":{}}],"line":21},"4":{"loc":{"start":{"line":22,"column":4},"end":{"line":22,"column":47}},"type":"if","locations":[{"start":{"line":22,"column":4},"end":{"line":22,"column":47}},{"start":{},"end":{}}],"line":22},"5":{"loc":{"start":{"line":24,"column":4},"end":{"line":24,"column":73}},"type":"if","locations":[{"start":{"line":24,"column":4},"end":{"line":24,"column":73}},{"start":{},"end":{}}],"line":24},"6":{"loc":{"start":{"line":25,"column":4},"end":{"line":25,"column":94}},"type":"if","locations":[{"start":{"line":25,"column":4},"end":{"line":25,"column":94}},{"start":{},"end":{}}],"line":25},"7":{"loc":{"start":{"line":25,"column":8},"end":{"line":25,"column":34}},"type":"binary-expr","locations":[{"start":{"line":25,"column":8},"end":{"line":25,"column":19}},{"start":{"line":25,"column":23},"end":{"line":25,"column":34}}],"line":25},"8":{"loc":{"start":{"line":41,"column":8},"end":{"line":44,"column":9}},"type":"if","locations":[{"start":{"line":41,"column":8},"end":{"line":44,"column":9}},{"start":{},"end":{}}],"line":41},"9":{"loc":{"start":{"line":41,"column":12},"end":{"line":41,"column":98}},"type":"binary-expr","locations":[{"start":{"line":41,"column":12},"end":{"line":41,"column":22}},{"start":{"line":41,"column":26},"end":{"line":41,"column":35}},{"start":{"line":41,"column":39},"end":{"line":41,"column":52}},{"start":{"line":41,"column":56},"end":{"line":41,"column":65}},{"start":{"line":41,"column":69},"end":{"line":41,"column":78}},{"start":{"line":41,"column":82},"end":{"line":41,"column":98}}],"line":41},"10":{"loc":{"start":{"line":54,"column":12},"end":{"line":54,"column":92}},"type":"binary-expr","locations":[{"start":{"line":54,"column":12},"end":{"line":54,"column":20}},{"start":{"line":54,"column":25},"end":{"line":54,"column":35}},{"start":{"line":54,"column":40},"end":{"line":54,"column":53}},{"start":{"line":54,"column":58},"end":{"line":54,"column":73}},{"start":{"line":54,"column":77},"end":{"line":54,"column":89}}],"line":54},"11":{"loc":{"start":{"line":56,"column":8},"end":{"line":59,"column":9}},"type":"if","locations":[{"start":{"line":56,"column":8},"end":{"line":59,"column":9}},{"start":{},"end":{}}],"line":56},"12":{"loc":{"start":{"line":61,"column":8},"end":{"line":64,"column":9}},"type":"if","locations":[{"start":{"line":61,"column":8},"end":{"line":64,"column":9}},{"start":{},"end":{}}],"line":61},"13":{"loc":{"start":{"line":66,"column":8},"end":{"line":69,"column":9}},"type":"if","locations":[{"start":{"line":66,"column":8},"end":{"line":69,"column":9}},{"start":{},"end":{}}],"line":66},"14":{"loc":{"start":{"line":80,"column":12},"end":{"line":83,"column":13}},"type":"if","locations":[{"start":{"line":80,"column":12},"end":{"line":83,"column":13}},{"start":{},"end":{}}],"line":80},"15":{"loc":{"start":{"line":97,"column":8},"end":{"line":102,"column":9}},"type":"if","locations":[{"start":{"line":97,"column":8},"end":{"line":102,"column":9}},{"start":{},"end":{}}],"line":97},"16":{"loc":{"start":{"line":97,"column":12},"end":{"line":97,"column":48}},"type":"binary-expr","locations":[{"start":{"line":97,"column":12},"end":{"line":97,"column":32}},{"start":{"line":97,"column":36},"end":{"line":97,"column":48}}],"line":97},"17":{"loc":{"start":{"line":98,"column":32},"end":{"line":98,"column":51}},"type":"binary-expr","locations":[{"start":{"line":98,"column":32},"end":{"line":98,"column":44}},{"start":{"line":98,"column":48},"end":{"line":98,"column":51}}],"line":98},"18":{"loc":{"start":{"line":131,"column":17},"end":{"line":140,"column":17}},"type":"binary-expr","locations":[{"start":{"line":131,"column":17},"end":{"line":131,"column":31}},{"start":{"line":132,"column":20},"end":{"line":139,"column":22}}],"line":131},"19":{"loc":{"start":{"line":136,"column":33},"end":{"line":136,"column":78}},"type":"cond-expr","locations":[{"start":{"line":136,"column":57},"end":{"line":136,"column":66}},{"start":{"line":136,"column":69},"end":{"line":136,"column":78}}],"line":136}},"s":{"0":1,"1":33,"2":33,"3":5,"4":33,"5":5,"6":33,"7":5,"8":33,"9":6,"10":33,"11":5,"12":33,"13":28,"14":5,"15":0,"16":5,"17":27,"18":27,"19":27,"20":27,"21":27,"22":27,"23":27,"24":27,"25":27,"26":27,"27":7,"28":1,"29":1,"30":6,"31":6,"32":6,"33":6,"34":6,"35":6,"36":6,"37":1,"38":1,"39":5,"40":1,"41":1,"42":4,"43":1,"44":1,"45":3,"46":3,"47":2,"48":1,"49":1,"50":1,"51":1,"52":1,"53":1,"54":27,"55":6,"56":6,"57":6,"58":6,"59":6,"60":6,"61":27,"62":6,"63":6,"64":6,"65":1},"f":{"0":33,"1":27,"2":7,"3":6,"4":6,"5":6,"6":1},"b":{"0":[5,28],"1":[5,28],"2":[5,28],"3":[6,27],"4":[5,28],"5":[28,5],"6":[0,5],"7":[5,5],"8":[1,6],"9":[7,6,6,6,6,6],"10":[6,1,0,0,0],"11":[1,5],"12":[1,4],"13":[1,3],"14":[1,1],"15":[6,0],"16":[6,6],"17":[6,0],"18":[27,6],"19":[6,0]},"_coverageSchema":"1a1c01bbd47fc00a2c39e90264f33305004495a9","hash":"8e93f885d9d78483bac36f9c67b07e47f383c01d"}
,"/Users/ameliagoldsby/Documents/Python/myDrive/screens/Onboarding/TermsOnboardingScreen.js": {"path":"/Users/ameliagoldsby/Documents/Python/myDrive/screens/Onboarding/TermsOnboardingScreen.js","statementMap":{"0":{"start":{"line":18,"column":44},"end":{"line":18,"column":59}},"1":{"start":{"line":19,"column":34},"end":{"line":19,"column":49}},"2":{"start":{"line":20,"column":59},"end":{"line":20,"column":82}},"3":{"start":{"line":22,"column":27},"end":{"line":53,"column":5}},"4":{"start":{"line":23,"column":8},"end":{"line":26,"column":9}},"5":{"start":{"line":24,"column":12},"end":{"line":24,"column":85}},"6":{"start":{"line":25,"column":12},"end":{"line":25,"column":19}},"7":{"start":{"line":28,"column":8},"end":{"line":28,"column":25}},"8":{"start":{"line":29,"column":8},"end":{"line":52,"column":9}},"9":{"start":{"line":30,"column":31},"end":{"line":30,"column":81}},"10":{"start":{"line":31,"column":12},"end":{"line":38,"column":13}},"11":{"start":{"line":32,"column":16},"end":{"line":35,"column":18}},"12":{"start":{"line":36,"column":16},"end":{"line":36,"column":34}},"13":{"start":{"line":37,"column":16},"end":{"line":37,"column":23}},"14":{"start":{"line":40,"column":12},"end":{"line":40,"column":47}},"15":{"start":{"line":41,"column":12},"end":{"line":41,"column":37}},"16":{"start":{"line":43,"column":12},"end":{"line":46,"column":15}},"17":{"start":{"line":48,"column":12},"end":{"line":48,"column":70}},"18":{"start":{"line":49,"column":12},"end":{"line":49,"column":76}},"19":{"start":{"line":51,"column":12},"end":{"line":51,"column":30}},"20":{"start":{"line":55,"column":4},"end":{"line":160,"column":6}},"21":{"start":{"line":62,"column":35},"end":{"line":62,"column":54}}},"fnMap":{"0":{"name":"TermsOnboardingScreen","decl":{"start":{"line":17,"column":24},"end":{"line":17,"column":45}},"loc":{"start":{"line":17,"column":62},"end":{"line":161,"column":1}},"line":17},"1":{"name":"(anonymous_1)","decl":{"start":{"line":22,"column":27},"end":{"line":22,"column":28}},"loc":{"start":{"line":22,"column":39},"end":{"line":53,"column":5}},"line":22},"2":{"name":"(anonymous_2)","decl":{"start":{"line":62,"column":29},"end":{"line":62,"column":30}},"loc":{"start":{"line":62,"column":35},"end":{"line":62,"column":54}},"line":62}},"branchMap":{"0":{"loc":{"start":{"line":23,"column":8},"end":{"line":26,"column":9}},"type":"if","locations":[{"start":{"line":23,"column":8},"end":{"line":26,"column":9}},{"start":{},"end":{}}],"line":23},"1":{"loc":{"start":{"line":31,"column":12},"end":{"line":38,"column":13}},"type":"if","locations":[{"start":{"line":31,"column":12},"end":{"line":38,"column":13}},{"start":{},"end":{}}],"line":31},"2":{"loc":{"start":{"line":135,"column":31},"end":{"line":135,"column":63}},"type":"cond-expr","locations":[{"start":{"line":135,"column":46},"end":{"line":135,"column":55}},{"start":{"line":135,"column":58},"end":{"line":135,"column":63}}],"line":135},"3":{"loc":{"start":{"line":146,"column":68},"end":{"line":146,"column":90}},"type":"cond-expr","locations":[{"start":{"line":146,"column":83},"end":{"line":146,"column":84}},{"start":{"line":146,"column":87},"end":{"line":146,"column":90}}],"line":146},"4":{"loc":{"start":{"line":148,"column":34},"end":{"line":148,"column":58}},"type":"binary-expr","locations":[{"start":{"line":148,"column":34},"end":{"line":148,"column":47}},{"start":{"line":148,"column":51},"end":{"line":148,"column":58}}],"line":148},"5":{"loc":{"start":{"line":151,"column":25},"end":{"line":155,"column":25}},"type":"cond-expr","locations":[{"start":{"line":152,"column":28},"end":{"line":152,"column":62}},{"start":{"line":154,"column":28},"end":{"line":154,"column":85}}],"line":151}},"s":{"0":9,"1":9,"2":9,"3":9,"4":2,"5":0,"6":0,"7":2,"8":2,"9":2,"10":2,"11":0,"12":0,"13":0,"14":2,"15":2,"16":1,"17":1,"18":1,"19":2,"20":9,"21":1},"f":{"0":9,"1":2,"2":1},"b":{"0":[0,2],"1":[0,2],"2":[4,5],"3":[4,5],"4":[9,4],"5":[0,9]},"_coverageSchema":"1a1c01bbd47fc00a2c39e90264f33305004495a9","hash":"907863c8a4d4afedd45461bf2f4c4930e615368c"}
,"/Users/ameliagoldsby/Documents/Python/myDrive/screens/Onboarding/WelcomeOnboardingScreen.js": {"path":"/Users/ameliagoldsby/Documents/Python/myDrive/screens/Onboarding/WelcomeOnboardingScreen.js","statementMap":{"0":{"start":{"line":7,"column":4},"end":{"line":58,"column":6}},"1":{"start":{"line":51,"column":39},"end":{"line":51,"column":77}}},"fnMap":{"0":{"name":"WelcomeOnboardingScreen","decl":{"start":{"line":6,"column":24},"end":{"line":6,"column":47}},"loc":{"start":{"line":6,"column":64},"end":{"line":59,"column":1}},"line":6},"1":{"name":"(anonymous_1)","decl":{"start":{"line":51,"column":33},"end":{"line":51,"column":34}},"loc":{"start":{"line":51,"column":39},"end":{"line":51,"column":77}},"line":51}},"branchMap":{},"s":{"0":2,"1":1},"f":{"0":2,"1":1},"b":{},"_coverageSchema":"1a1c01bbd47fc00a2c39e90264f33305004495a9","hash":"01b3e5e631dfc1bf0477654c151c686dcbd828ac"}
,"/Users/ameliagoldsby/Documents/Python/myDrive/services/phoneUsageService.js": {"path":"/Users/ameliagoldsby/Documents/Python/myDrive/services/phoneUsageService.js","statementMap":{"0":{"start":{"line":3,"column":19},"end":{"line":3,"column":23}},"1":{"start":{"line":6,"column":4},"end":{"line":20,"column":6}},"2":{"start":{"line":8,"column":12},"end":{"line":12,"column":13}},"3":{"start":{"line":9,"column":16},"end":{"line":9,"column":40}},"4":{"start":{"line":11,"column":16},"end":{"line":11,"column":41}},"5":{"start":{"line":24,"column":4},"end":{"line":26,"column":5}},"6":{"start":{"line":25,"column":8},"end":{"line":25,"column":31}}},"fnMap":{"0":{"name":"startCallDetection","decl":{"start":{"line":5,"column":16},"end":{"line":5,"column":34}},"loc":{"start":{"line":5,"column":54},"end":{"line":21,"column":1}},"line":5},"1":{"name":"(anonymous_1)","decl":{"start":{"line":7,"column":8},"end":{"line":7,"column":9}},"loc":{"start":{"line":7,"column":19},"end":{"line":13,"column":9}},"line":7},"2":{"name":"(anonymous_2)","decl":{"start":{"line":15,"column":8},"end":{"line":15,"column":9}},"loc":{"start":{"line":15,"column":14},"end":{"line":15,"column":17}},"line":15},"3":{"name":"stopCallDetection","decl":{"start":{"line":23,"column":16},"end":{"line":23,"column":33}},"loc":{"start":{"line":23,"column":36},"end":{"line":27,"column":1}},"line":23}},"branchMap":{"0":{"loc":{"start":{"line":8,"column":12},"end":{"line":12,"column":13}},"type":"if","locations":[{"start":{"line":8,"column":12},"end":{"line":12,"column":13}},{"start":{"line":10,"column":19},"end":{"line":12,"column":13}}],"line":8},"1":{"loc":{"start":{"line":8,"column":16},"end":{"line":8,"column":61}},"type":"binary-expr","locations":[{"start":{"line":8,"column":16},"end":{"line":8,"column":37}},{"start":{"line":8,"column":41},"end":{"line":8,"column":61}}],"line":8},"2":{"loc":{"start":{"line":24,"column":4},"end":{"line":26,"column":5}},"type":"if","locations":[{"start":{"line":24,"column":4},"end":{"line":26,"column":5}},{"start":{},"end":{}}],"line":24}},"s":{"0":2,"1":2,"2":4,"3":2,"4":2,"5":2,"6":2},"f":{"0":2,"1":4,"2":0,"3":2},"b":{"0":[2,2],"1":[4,4],"2":[2,0]},"_coverageSchema":"1a1c01bbd47fc00a2c39e90264f33305004495a9","hash":"4212d63e65ffbe51d6f164759559335a28487ee2"}
,"/Users/ameliagoldsby/Documents/Python/myDrive/services/roadTypeService.js": {"path":"/Users/ameliagoldsby/Documents/Python/myDrive/services/roadTypeService.js","statementMap":{"0":{"start":{"line":2,"column":4},"end":{"line":21,"column":5}},"1":{"start":{"line":3,"column":20},"end":{"line":3,"column":135}},"2":{"start":{"line":5,"column":25},"end":{"line":10,"column":10}},"3":{"start":{"line":12,"column":21},"end":{"line":12,"column":42}},"4":{"start":{"line":14,"column":24},"end":{"line":14,"column":59}},"5":{"start":{"line":17,"column":8},"end":{"line":17,"column":42}},"6":{"start":{"line":19,"column":8},"end":{"line":19,"column":52}},"7":{"start":{"line":20,"column":8},"end":{"line":20,"column":25}},"8":{"start":{"line":25,"column":4},"end":{"line":25,"column":35}},"9":{"start":{"line":25,"column":18},"end":{"line":25,"column":35}},"10":{"start":{"line":27,"column":20},"end":{"line":27,"column":41}},"11":{"start":{"line":29,"column":4},"end":{"line":43,"column":5}},"12":{"start":{"line":32,"column":8},"end":{"line":32,"column":25}},"13":{"start":{"line":33,"column":11},"end":{"line":43,"column":5}},"14":{"start":{"line":36,"column":8},"end":{"line":36,"column":22}},"15":{"start":{"line":37,"column":11},"end":{"line":43,"column":5}},"16":{"start":{"line":40,"column":8},"end":{"line":40,"column":23}},"17":{"start":{"line":42,"column":8},"end":{"line":42,"column":25}}},"fnMap":{"0":{"name":"getRoadType","decl":{"start":{"line":1,"column":22},"end":{"line":1,"column":33}},"loc":{"start":{"line":1,"column":55},"end":{"line":22,"column":1}},"line":1},"1":{"name":"normalizeRoadType","decl":{"start":{"line":24,"column":16},"end":{"line":24,"column":33}},"loc":{"start":{"line":24,"column":43},"end":{"line":44,"column":1}},"line":24}},"branchMap":{"0":{"loc":{"start":{"line":14,"column":24},"end":{"line":14,"column":59}},"type":"binary-expr","locations":[{"start":{"line":14,"column":24},"end":{"line":14,"column":46}},{"start":{"line":14,"column":50},"end":{"line":14,"column":59}}],"line":14},"1":{"loc":{"start":{"line":25,"column":4},"end":{"line":25,"column":35}},"type":"if","locations":[{"start":{"line":25,"column":4},"end":{"line":25,"column":35}},{"start":{},"end":{}}],"line":25},"2":{"loc":{"start":{"line":29,"column":4},"end":{"line":43,"column":5}},"type":"if","locations":[{"start":{"line":29,"column":4},"end":{"line":43,"column":5}},{"start":{"line":33,"column":11},"end":{"line":43,"column":5}}],"line":29},"3":{"loc":{"start":{"line":33,"column":11},"end":{"line":43,"column":5}},"type":"if","locations":[{"start":{"line":33,"column":11},"end":{"line":43,"column":5}},{"start":{"line":37,"column":11},"end":{"line":43,"column":5}}],"line":33},"4":{"loc":{"start":{"line":37,"column":11},"end":{"line":43,"column":5}},"type":"if","locations":[{"start":{"line":37,"column":11},"end":{"line":43,"column":5}},{"start":{"line":41,"column":11},"end":{"line":43,"column":5}}],"line":37}},"s":{"0":3,"1":3,"2":3,"3":2,"4":2,"5":2,"6":1,"7":1,"8":7,"9":1,"10":6,"11":6,"12":1,"13":5,"14":2,"15":3,"16":1,"17":2},"f":{"0":3,"1":7},"b":{"0":[2,1],"1":[1,6],"2":[1,5],"3":[2,3],"4":[1,2]},"_coverageSchema":"1a1c01bbd47fc00a2c39e90264f33305004495a9","hash":"bfa0cdc17e1a0190f135d74f47a6872876dc4fee"}
,"/Users/ameliagoldsby/Documents/Python/myDrive/services/trackingService.js": {"path":"/Users/ameliagoldsby/Documents/Python/myDrive/services/trackingService.js","statementMap":{"0":{"start":{"line":9,"column":18},"end":{"line":9,"column":44}},"1":{"start":{"line":12,"column":21},"end":{"line":17,"column":1}},"2":{"start":{"line":21,"column":4},"end":{"line":21,"column":41}},"3":{"start":{"line":22,"column":4},"end":{"line":22,"column":37}},"4":{"start":{"line":24,"column":4},"end":{"line":24,"column":68}},"5":{"start":{"line":24,"column":40},"end":{"line":24,"column":66}},"6":{"start":{"line":25,"column":4},"end":{"line":25,"column":63}},"7":{"start":{"line":25,"column":36},"end":{"line":25,"column":61}},"8":{"start":{"line":30,"column":4},"end":{"line":30,"column":39}},"9":{"start":{"line":31,"column":4},"end":{"line":31,"column":35}},"10":{"start":{"line":32,"column":4},"end":{"line":32,"column":25}},"11":{"start":{"line":33,"column":4},"end":{"line":33,"column":24}},"12":{"start":{"line":38,"column":33},"end":{"line":38,"column":83}},"13":{"start":{"line":39,"column":33},"end":{"line":39,"column":83}},"14":{"start":{"line":40,"column":4},"end":{"line":42,"column":5}},"15":{"start":{"line":41,"column":8},"end":{"line":41,"column":60}},"16":{"start":{"line":44,"column":4},"end":{"line":57,"column":6}},"17":{"start":{"line":58,"column":4},"end":{"line":58,"column":27}},"18":{"start":{"line":60,"column":4},"end":{"line":62,"column":7}},"19":{"start":{"line":61,"column":8},"end":{"line":61,"column":54}},"20":{"start":{"line":64,"column":4},"end":{"line":64,"column":19}},"21":{"start":{"line":66,"column":4},"end":{"line":71,"column":7}},"22":{"start":{"line":76,"column":4},"end":{"line":76,"column":28}},"23":{"start":{"line":77,"column":4},"end":{"line":77,"column":55}},"24":{"start":{"line":78,"column":4},"end":{"line":78,"column":18}},"25":{"start":{"line":79,"column":4},"end":{"line":79,"column":24}},"26":{"start":{"line":81,"column":21},"end":{"line":84,"column":9}},"27":{"start":{"line":82,"column":20},"end":{"line":82,"column":61}},"28":{"start":{"line":83,"column":8},"end":{"line":83,"column":37}},"29":{"start":{"line":85,"column":4},"end":{"line":85,"column":56}},"30":{"start":{"line":87,"column":20},"end":{"line":90,"column":9}},"31":{"start":{"line":88,"column":20},"end":{"line":88,"column":61}},"32":{"start":{"line":89,"column":8},"end":{"line":89,"column":37}},"33":{"start":{"line":91,"column":4},"end":{"line":91,"column":45}},"34":{"start":{"line":93,"column":4},"end":{"line":93,"column":87}},"35":{"start":{"line":96,"column":24},"end":{"line":96,"column":25}},"36":{"start":{"line":97,"column":4},"end":{"line":102,"column":5}},"37":{"start":{"line":97,"column":17},"end":{"line":97,"column":18}},"38":{"start":{"line":98,"column":8},"end":{"line":101,"column":10}},"39":{"start":{"line":103,"column":4},"end":{"line":103,"column":73}},"40":{"start":{"line":105,"column":4},"end":{"line":108,"column":5}},"41":{"start":{"line":106,"column":40},"end":{"line":106,"column":73}},"42":{"start":{"line":107,"column":8},"end":{"line":107,"column":79}},"43":{"start":{"line":110,"column":4},"end":{"line":116,"column":5}},"44":{"start":{"line":111,"column":22},"end":{"line":111,"column":75}},"45":{"start":{"line":112,"column":20},"end":{"line":114,"column":9}},"46":{"start":{"line":115,"column":8},"end":{"line":115,"column":79}},"47":{"start":{"line":118,"column":4},"end":{"line":118,"column":71}},"48":{"start":{"line":119,"column":4},"end":{"line":119,"column":56}},"49":{"start":{"line":121,"column":4},"end":{"line":121,"column":30}},"50":{"start":{"line":122,"column":4},"end":{"line":122,"column":25}},"51":{"start":{"line":123,"column":4},"end":{"line":123,"column":24}},"52":{"start":{"line":128,"column":4},"end":{"line":128,"column":39}},"53":{"start":{"line":128,"column":30},"end":{"line":128,"column":39}},"54":{"start":{"line":129,"column":24},"end":{"line":129,"column":25}},"55":{"start":{"line":130,"column":4},"end":{"line":132,"column":5}},"56":{"start":{"line":130,"column":17},"end":{"line":130,"column":18}},"57":{"start":{"line":131,"column":8},"end":{"line":131,"column":69}},"58":{"start":{"line":133,"column":22},"end":{"line":133,"column":64}},"59":{"start":{"line":134,"column":20},"end":{"line":134,"column":81}},"60":{"start":{"line":135,"column":22},"end":{"line":135,"column":62}},"61":{"start":{"line":136,"column":4},"end":{"line":136,"column":37}},"62":{"start":{"line":141,"column":18},"end":{"line":141,"column":44}},"63":{"start":{"line":141,"column":25},"end":{"line":141,"column":44}},"64":{"start":{"line":142,"column":14},"end":{"line":142,"column":18}},"65":{"start":{"line":143,"column":17},"end":{"line":143,"column":53}},"66":{"start":{"line":144,"column":17},"end":{"line":144,"column":55}},"67":{"start":{"line":145,"column":17},"end":{"line":145,"column":37}},"68":{"start":{"line":146,"column":17},"end":{"line":146,"column":37}},"69":{"start":{"line":149,"column":8},"end":{"line":150,"column":65}},"70":{"start":{"line":151,"column":14},"end":{"line":151,"column":60}},"71":{"start":{"line":152,"column":4},"end":{"line":152,"column":17}},"72":{"start":{"line":157,"column":4},"end":{"line":160,"column":5}},"73":{"start":{"line":158,"column":8},"end":{"line":158,"column":29}},"74":{"start":{"line":159,"column":8},"end":{"line":159,"column":15}},"75":{"start":{"line":161,"column":4},"end":{"line":161,"column":42}},"76":{"start":{"line":161,"column":35},"end":{"line":161,"column":42}},"77":{"start":{"line":162,"column":26},"end":{"line":162,"column":30}},"78":{"start":{"line":163,"column":4},"end":{"line":169,"column":7}},"79":{"start":{"line":164,"column":8},"end":{"line":168,"column":11}},"80":{"start":{"line":173,"column":0},"end":{"line":173,"column":53}}},"fnMap":{"0":{"name":"startSensors","decl":{"start":{"line":20,"column":9},"end":{"line":20,"column":21}},"loc":{"start":{"line":20,"column":24},"end":{"line":26,"column":1}},"line":20},"1":{"name":"(anonymous_1)","decl":{"start":{"line":24,"column":30},"end":{"line":24,"column":31}},"loc":{"start":{"line":24,"column":40},"end":{"line":24,"column":66}},"line":24},"2":{"name":"(anonymous_2)","decl":{"start":{"line":25,"column":26},"end":{"line":25,"column":27}},"loc":{"start":{"line":25,"column":36},"end":{"line":25,"column":61}},"line":25},"3":{"name":"stopSensors","decl":{"start":{"line":29,"column":9},"end":{"line":29,"column":20}},"loc":{"start":{"line":29,"column":23},"end":{"line":34,"column":1}},"l
[...]
50,"column":4},"end":{"line":62,"column":5}},"39":{"start":{"line":50,"column":17},"end":{"line":50,"column":18}},"40":{"start":{"line":51,"column":25},"end":{"line":51,"column":35}},"41":{"start":{"line":52,"column":8},"end":{"line":61,"column":9}},"42":{"start":{"line":53,"column":29},"end":{"line":59,"column":13}},"43":{"start":{"line":60,"column":12},"end":{"line":60,"column":41}},"44":{"start":{"line":64,"column":4},"end":{"line":64,"column":32}},"45":{"start":{"line":65,"column":4},"end":{"line":65,"column":38}},"46":{"start":{"line":65,"column":31},"end":{"line":65,"column":38}},"47":{"start":{"line":67,"column":28},"end":{"line":67,"column":56}},"48":{"start":{"line":68,"column":25},"end":{"line":68,"column":98}},"49":{"start":{"line":70,"column":4},"end":{"line":120,"column":5}},"50":{"start":{"line":71,"column":25},"end":{"line":71,"column":62}},"51":{"start":{"line":72,"column":8},"end":{"line":119,"column":9}},"52":{"start":{"line":74,"column":12},"end":{"line":94,"column":13}},"53":{"start":{"line":74,"column":25},"end":{"line":74,"column":26}},"54":{"start":{"line":75,"column":29},"end":{"line":75,"column":39}},"55":{"start":{"line":76,"column":16},"end":{"line":76,"column":78}},"56":{"start":{"line":78,"column":32},"end":{"line":90,"column":17}},"57":{"start":{"line":92,"column":16},"end":{"line":92,"column":57}},"58":{"start":{"line":93,"column":16},"end":{"line":93,"column":56}},"59":{"start":{"line":97,"column":12},"end":{"line":118,"column":13}},"60":{"start":{"line":97,"column":25},"end":{"line":97,"column":26}},"61":{"start":{"line":98,"column":29},"end":{"line":98,"column":39}},"62":{"start":{"line":99,"column":33},"end":{"line":99,"column":76}},"63":{"start":{"line":100,"column":16},"end":{"line":100,"column":56}},"64":{"start":{"line":102,"column":32},"end":{"line":114,"column":17}},"65":{"start":{"line":116,"column":16},"end":{"line":116,"column":57}},"66":{"start":{"line":117,"column":16},"end":{"line":117,"column":56}},"67":{"start":{"line":124,"column":30},"end":{"line":130,"column":1}},"68":{"start":{"line":125,"column":18},"end":{"line":125,"column":37}},"69":{"start":{"line":126,"column":4},"end":{"line":126,"column":66}},"70":{"start":{"line":126,"column":53},"end":{"line":126,"column":66}},"71":{"start":{"line":129,"column":4},"end":{"line":129,"column":72}},"72":{"start":{"line":129,"column":27},"end":{"line":129,"column":70}}},"fnMap":{"0":{"name":"(anonymous_0)","decl":{"start":{"line":5,"column":24},"end":{"line":5,"column":25}},"loc":{"start":{"line":5,"column":33},"end":{"line":5,"column":76}},"line":5},"1":{"name":"(anonymous_1)","decl":{"start":{"line":10,"column":18},"end":{"line":10,"column":19}},"loc":{"start":{"line":10,"column":24},"end":{"line":16,"column":1}},"line":10},"2":{"name":"(anonymous_2)","decl":{"start":{"line":19,"column":25},"end":{"line":19,"column":26}},"loc":{"start":{"line":19,"column":31},"end":{"line":19,"column":94}},"line":19},"3":{"name":"(anonymous_3)","decl":{"start":{"line":21,"column":29},"end":{"line":21,"column":30}},"loc":{"start":{"line":21,"column":41},"end":{"line":121,"column":1}},"line":21},"4":{"name":"(anonymous_4)","decl":{"start":{"line":48,"column":40},"end":{"line":48,"column":41}},"loc":{"start":{"line":48,"column":45},"end":{"line":48,"column":55}},"line":48},"5":{"name":"(anonymous_5)","decl":{"start":{"line":124,"column":30},"end":{"line":124,"column":31}},"loc":{"start":{"line":124,"column":42},"end":{"line":130,"column":1}},"line":124},"6":{"name":"(anonymous_6)","decl":{"start":{"line":129,"column":22},"end":{"line":129,"column":23}},"loc":{"start":{"line":129,"column":27},"end":{"line":129,"column":70}},"line":129}},"branchMap":{"0":{"loc":{"start":{"line":23,"column":4},"end":{"line":23,"column":38}},"type":"if","locations":[{"start":{"line":23,"column":4},"end":{"line":23,"column":38}},{"start":{},"end":{}}],"line":23},"1":{"loc":{"start":{"line":25,"column":4},"end":{"line":43,"column":5}},"type":"if","locations":[{"start":{"line":25,"column":4},"end":{"line":43,"column":5}},{"start":{},"end":{}}],"line":25},"2":{"loc":{"start":{"line":27,"column":24},"end":{"line":27,"column":50}},"type":"binary-expr","locations":[{"start":{"line":27,"column":24},"end":{"line":27,"column":40}},{"start":{"line":27,"column":44},"end":{"line":27,"column":50}}],"line":27},"3":{"loc":{"start":{"line":29,"column":33},"end":{"line":29,"column":79}},"type":"binary-expr","locations":[{"start":{"line":29,"column":33},"end":{"line":29,"column":48}},{"start":{"line":29,"column":52},"end":{"line":29,"column":66}},{"start":{"line":29,"column":70},"end":{"line":29,"column":79}}],"line":29},"4":{"loc":{"start":{"line":31,"column":12},"end":{"line":36,"column":13}},"type":"if","locations":[{"start":{"line":31,"column":12},"end":{"line":36,"column":13}},{"start":{},"end":{}}],"line":31},"5":{"loc":{"start":{"line":37,"column":12},"end":{"line":37,"column":63}},"type":"if","locations":[{"start":{"line":37,"column":12},"end":{"line":37,"column":63}},{"start":{},"end":{}}],"line":37},"6":{"loc":{"start":{"line":38,"column":12},"end":{"line":38,"column":68}},"type":"if","locations":[{"start":{"line":38,"column":12},"end":{"line":38,"column":68}},{"start":{},"end":{}}],"line":38},"7":{"loc":{"start":{"line":40,"column":8},"end":{"line":42,"column":9}},"type":"if","locations":[{"start":{"line":40,"column":8},"end":{"line":42,"column":9}},{"start":{},"end":{}}],"line":40},"8":{"loc":{"start":{"line":46,"column":4},"end":{"line":46,"column":38}},"type":"if","locations":[{"start":{"line":46,"column":4},"end":{"line":46,"column":38}},{"start":{},"end":{}}],"line":46},"9":{"loc":{"start":{"line":52,"column":8},"end":{"line":61,"column":9}},"type":"if","locations":[{"start":{"line":52,"column":8},"end":{"line":61,"column":9}},{"start":{},"end":{}}],"line":52},"10":{"loc":{"start":{"line":65,"column":4},"end":{"line":65,"column":38}},"type":"if","locations":[{"start":{"line":65,"column":4},"end":{"line":65,"column":38}},{"start":{},"end":{}}],"line":65},"11":{"loc":{"start":{"line":72,"column":8},"end":{"line":119,"column":9}},"type":"if","locations":[{"start":{"line":72,"column":8},"end":{"line":119,"column":9}},{"start":{},"end":{}}],"line":72},"12":{"loc":{"start":{"line":72,"column":12},"end":{"line":72,"column":61}},"type":"binary-expr","locations":[{"start":{"line":72,"column":12},"end":{"line":72,"column":36}},{"start":{"line":72,"column":40},"end":{"line":72,"column":61}}],"line":72},"13":{"loc":{"start":{"line":126,"column":4},"end":{"line":126,"column":66}},"type":"if","locations":[{"start":{"line":126,"column":4},"end":{"line":126,"column":66}},{"start":{},"end":{}}],"line":126},"14":{"loc":{"start":{"line":126,"column":8},"end":{"line":126,"column":51}},"type":"binary-expr","locations":[{"start":{"line":126,"column":8},"end":{"line":126,"column":29}},{"start":{"line":126,"column":33},"end":{"line":126,"column":51}}],"line":126},"15":{"loc":{"start":{"line":129,"column":27},"end":{"line":129,"column":70}},"type":"binary-expr","locations":[{"start":{"line":129,"column":27},"end":{"line":129,"column":37}},{"start":{"line":129,"column":41},"end":{"line":129,"column":70}}],"line":129}},"s":{"0":3,"1":224,"2":3,"3":3,"4":3,"5":27,"6":27,"7":27,"8":27,"9":27,"10":3,"11":112,"12":3,"13":3,"14":3,"15":0,"16":3,"17":3,"18":3,"19":3,"20":13,"21":13,"22":13,"23":2,"24":2,"25":2,"26":2,"27":13,"28":0,"29":13,"30":0,"31":3,"32":1,"33":3,"34":3,"35":0,"36":3,"37":5,"38":3,"39":3,"40":30,"41":30,"42":25,"43":25,"44":3,"45":3,"46":0,"47":3,"48":3,"49":3,"50":14,"51":14,"52":14,"53":14,"54":42,"55":42,"56":42,"57":42,"58":42,"59":14,"60":14,"61":70,"62":70,"63":70,"64":70,"65":70,"66":70,"67":3,"68":0,"69":0,"70":0,"71":0,"72":0},"f":{"0":224,"1":27,"2":112,"3":3,"4":5,"5":0,"6":0},"b":{"0":[0,3],"1":[3,0],"2":[16,13],"3":[13,12,12],"4":[2,11],"5":[0,13],"6":[0,13],"7":[1,2],"8":[0,3],"9":[25,5],"10":[0,3],"11":[14,0],"12":[14,14],"13":[0,0],"14":[0,0],"15":[0,0]},"_coverageSchema":"1a1c01bbd47fc00a2c39e90264f33305004495a9","hash":"1af677b53e7615cf8fa21428cc69a0322f8eb25e"}
,"/Users/ameliagoldsby/Documents/Python/myDrive/utils/database/scoring.js": {"path":"/Users/ameliagoldsby/Documents/Python/myDrive/utils/database/scoring.js","statementMap":{"0":{"start":{"line":1,"column":30},"end":{"line":44,"column":1}},"1":{"start":{"line":2,"column":22},"end":{"line":3,"column":71}},"2":{"start":{"line":3,"column":8},"end":{"line":3,"column":71}},"3":{"start":{"line":5,"column":27},"end":{"line":5,"column":101}},"4":{"start":{"line":7,"column":25},"end":{"line":10,"column":5}},"5":{"start":{"line":12,"column":27},"end":{"line":15,"column":5}},"6":{"start":{"line":17,"column":23},"end":{"line":17,"column":24}},"7":{"start":{"line":18,"column":4},"end":{"line":20,"column":5}},"8":{"start":{"line":19,"column":8},"end":{"line":19,"column":63}},"9":{"start":{"line":21,"column":23},"end":{"line":21,"column":54}},"10":{"start":{"line":23,"column":23},"end":{"line":23,"column":24}},"11":{"start":{"line":24,"column":4},"end":{"line":24,"column":47}},"12":{"start":{"line":24,"column":28},"end":{"line":24,"column":47}},"13":{"start":{"line":25,"column":4},"end":{"line":25,"column":52}},"14":{"start":{"line":25,"column":33},"end":{"line":25,"column":52}},"15":{"start":{"line":26,"column":4},"end":{"line":28,"column":5}},"16":{"start":{"line":27,"column":8},"end":{"line":27,"column":27}},"17":{"start":{"line":29,"column":34},"end":{"line":29,"column":65}},"18":{"start":{"line":32,"column":8},"end":{"line":35,"column":24}},"19":{"start":{"line":37,"column":4},"end":{"line":43,"column":6}},"20":{"start":{"line":46,"column":36},"end":{"line":59,"column":1}},"21":{"start":{"line":47,"column":16},"end":{"line":47,"column":26}},"22":{"start":{"line":48,"column":27},"end":{"line":48,"column":51}},"23":{"start":{"line":50,"column":27},"end":{"line":53,"column":6}},"24":{"start":{"line":51,"column":28},"end":{"line":51,"column":60}},"25":{"start":{"line":52,"column":8},"end":{"line":52,"column":53}},"26":{"start":{"line":55,"column":4},"end":{"line":55,"column":46}},"27":{"start":{"line":55,"column":37},"end":{"line":55,"column":46}},"28":{"start":{"line":57,"column":23},"end":{"line":57,"column":89}},"29":{"start":{"line":57,"column":57},"end":{"line":57,"column":85}},"30":{"start":{"line":58,"column":4},"end":{"line":58,"column":58}}},"fnMap":{"0":{"name":"(anonymous_0)","decl":{"start":{"line":1,"column":30},"end":{"line":1,"column":31}},"loc":{"start":{"line":1,"column":43},"end":{"line":44,"column":1}},"line":1},"1":{"name":"(anonymous_1)","decl":{"start":{"line":2,"column":22},"end":{"line":2,"column":23}},"loc":{"start":{"line":3,"column":8},"end":{"line":3,"column":71}},"line":3},"2":{"name":"(anonymous_2)","decl":{"start":{"line":46,"column":36},"end":{"line":46,"column":37}},"loc":{"start":{"line":46,"column":50},"end":{"line":59,"column":1}},"line":46},"3":{"name":"(anonymous_3)","decl":{"start":{"line":50,"column":43},"end":{"line":50,"column":44}},"loc":{"start":{"line":50,"column":54},"end":{"line":53,"column":5}},"line":50},"4":{"name":"(anonymous_4)","decl":{"start":{"line":57,"column":45},"end":{"line":57,"column":46}},"loc":{"start":{"line":57,"column":57},"end":{"line":57,"column":85}},"line":57}},"branchMap":{"0":{"loc":{"start":{"line":5,"column":27},"end":{"line":5,"column":101}},"type":"cond-expr","locations":[{"start":{"line":5,"column":57},"end":{"line":5,"column":60}},{"start":{"line":5,"column":63},"end":{"line":5,"column":101}}],"line":5},"1":{"loc":{"start":{"line":5,"column":63},"end":{"line":5,"column":101}},"type":"cond-expr","locations":[{"start":{"line":5,"column":94},"end":{"line":5,"column":97}},{"start":{"line":5,"column":100},"end":{"line":5,"column":101}}],"line":5},"2":{"loc":{"start":{"line":18,"column":4},"end":{"line":20,"column":5}},"type":"if","locations":[{"start":{"line":18,"column":4},"end":{"line":20,"column":5}},{"start":{},"end":{}}],"line":18},"3":{"loc":{"start":{"line":24,"column":4},"end":{"line":24,"column":47}},"type":"if","locations":[{"start":{"line":24,"column":4},"end":{"line":24,"column":47}},{"start":{},"end":{}}],"line":24},"4":{"loc":{"start":{"line":25,"column":4},"end":{"line":25,"column":52}},"type":"if","locations":[{"start":{"line":25,"column":4},"end":{"line":25,"column":52}},{"start":{},"end":{}}],"line":25},"5":{"loc":{"start":{"line":26,"column":4},"end":{"line":28,"column":5}},"type":"if","locations":[{"start":{"line":26,"column":4},"end":{"line":28,"column":5}},{"start":{},"end":{}}],"line":26},"6":{"loc":{"start":{"line":26,"column":8},"end":{"line":26,"column":88}},"type":"binary-expr","locations":[{"start":{"line":26,"column":8},"end":{"line":26,"column":26}},{"start":{"line":26,"column":31},"end":{"line":26,"column":62}},{"start":{"line":26,"column":66},"end":{"line":26,"column":87}}],"line":26},"7":{"loc":{"start":{"line":55,"column":4},"end":{"line":55,"column":46}},"type":"if","locations":[{"start":{"line":55,"column":4},"end":{"line":55,"column":46}},{"start":{},"end":{}}],"line":55},"8":{"loc":{"start":{"line":57,"column":64},"end":{"line":57,"column":84}},"type":"binary-expr","locations":[{"start":{"line":57,"column":64},"end":{"line":57,"column":79}},{"start":{"line":57,"column":83},"end":{"line":57,"column":84}}],"line":57}},"s":{"0":4,"1":4,"2":8,"3":4,"4":4,"5":4,"6":4,"7":4,"8":1,"9":4,"10":4,"11":4,"12":2,"13":4,"14":1,"15":4,"16":1,"17":4,"18":4,"19":4,"20":4,"21":4,"22":4,"23":4,"24":8,"25":8,"26":4,"27":1,"28":3,"29":6,"30":3},"f":{"0":4,"1":8,"2":4,"3":8,"4":6},"b":{"0":[1,3],"1":[1,2],"2":[1,3],"3":[2,2],"4":[1,3],"5":[1,3],"6":[4,2,1],"7":[1,3],"8":[6,1]},"_coverageSchema":"1a1c01bbd47fc00a2c39e90264f33305004495a9","hash":"29f22ba15b418617ab26d9995a14ce80c76bc2b9"}
,"/Users/ameliagoldsby/Documents/Python/myDrive/utils/database/users.js": {"path":"/Users/ameliagoldsby/Documents/Python/myDrive/utils/database/users.js","statementMap":{"0":{"start":{"line":3,"column":28},"end":{"line":21,"column":1}},"1":{"start":{"line":4,"column":4},"end":{"line":20,"column":5}},"2":{"start":{"line":5,"column":22},"end":{"line":5,"column":49}},"3":{"start":{"line":7,"column":8},"end":{"line":9,"column":9}},"4":{"start":{"line":7,"column":31},"end":{"line":7,"column":66}},"5":{"start":{"line":8,"column":12},"end":{"line":8,"column":25}},"6":{"start":{"line":11,"column":23},"end":{"line":11,"column":77}},"7":{"start":{"line":12,"column":24},"end":{"line":12,"column":51}},"8":{"start":{"line":13,"column":8},"end":{"line":13,"column":28}},"9":{"start":{"line":15,"column":8},"end":{"line":15,"column":67}},"10":{"start":{"line":16,"column":8},"end":{"line":16,"column":20}},"11":{"start":{"line":18,"column":8},"end":{"line":18,"column":51}},"12":{"start":{"line":19,"column":8},"end":{"line":19,"column":21}},"13":{"start":{"line":23,"column":27},"end":{"line":31,"column":1}},"14":{"start":{"line":24,"column":4},"end":{"line":30,"column":5}},"15":{"start":{"line":25,"column":22},"end":{"line":25,"column":57}},"16":{"start":{"line":26,"column":8},"end":{"line":26,"column":46}},"17":{"start":{"line":28,"column":8},"end":{"line":28,"column":54}},"18":{"start":{"line":29,"column":8},"end":{"line":29,"column":18}},"19":{"start":{"line":33,"column":27},"end":{"line":41,"column":1}},"20":{"start":{"line":34,"column":4},"end":{"line":40,"column":5}},"21":{"start":{"line":35,"column":22},"end":{"line":35,"column":41}},"22":{"start":{"line":36,"column":8},"end":{"line":36,"column":62}},"23":{"start":{"line":36,"column":34},"end":{"line":36,"column":52}},"24":{"start":{"line":38,"column":8},"end":{"line":38,"column":53}},"25":{"start":{"line":39,"column":8},"end":{"line":39,"column":20}},"26":{"start":{"line":43,"column":35},"end":{"line":49,"column":1}},"27":{"start":{"line":44,"column":4},"end":{"line":48,"column":5}},"28":{"start":{"line":45,"column":8},"end":{"line":45,"column":67}},"29":{"start":{"line":47,"column":8},"end":{"line":47,"column":57}}},"fnMap":{"0":{"name":"(anonymous_0)","decl":{"start":{"line":3,"column":28},"end":{"line":3,"column":29}},"loc":{"start":{"line":3,"column":48},"end":{"line":21,"column":1}},"line":3},"1":{"name":"(anonymous_1)","decl":{"start":{"line":7,"column":23},"end":{"line":7,"column":24}},"loc":{"start":{"line":7,"column":31},"end":{"line":7,"column":66}},"line":7},"2":{"name":"(anonymous_2)","decl":{"start":{"line":23,"column":27},"end":{"line":23,"column":28}},"loc":{"start":{"line":23,"column":39},"end":{"line":31,"column":1}},"line":23},"3":{"name":"(anonymous_3)","decl":{"start":{"line":33,"column":27},"end":{"line":33,"column":28}},"loc":{"start":{"line":33,"column":45},"end":{"line":41,"column":1}},"line":33},"4":{"name":"(anonymous_4)","decl":{"start":{"line":36,"column":26},"end":{"line":36,"column":27}},"loc":{"start":{"line":36,"column":34},"end":{"line":36,"column":52}},"line":36},"5":{"name":"(anonymous_5)","decl":{"start":{"line":43,"column":35},"end":{"line":43,"column":36}},"loc":{"start":{"line":43,"column":52},"end":{"line":49,"column":1}},"line":43}},"branchMap":{"0":{"loc":{"start":{"line":5,"column":22},"end":{"line":5,"column":49}},"type":"binary-expr","locations":[{"start":{"line":5,"column":23},"end":{"line":5,"column":42}},{"start":{"line":5,"column":47},"end":{"line":5,"column":49}}],"line":5},"1":{"loc":{"start":{"line":7,"column":8},"end":{"line":9,"column":9}},"type":"if","locations":[{"start":{"line":7,"column":8},"end":{"line":9,"column":9}},{"start":{},"end":{}}],"line":7},"2":{"loc":{"start":{"line":26,"column":15},"end":{"line":26,"column":45}},"type":"cond-expr","locations":[{"start":{"line":26,"column":23},"end":{"line":26,"column":40}},{"start":{"line":26,"column":43},"end":{"line":26,"column":45}}],"line":26},"3":{"loc":{"start":{"line":36,"column":15},"end":{"line":36,"column":61}},"type":"binary-expr","locations":[{"start":{"line":36,"column":15},"end":{"line":36,"column":53}},{"start":{"line":36,"column":57},"end":{"line":36,"column":61}}],"line":36}},"s":{"0":4,"1":3,"2":3,"3":3,"4":1,"5":1,"6":2,"7":2,"8":2,"9":2,"10":2,"11":0,"12":0,"13":4,"14":6,"15":6,"16":6,"17":0,"18":0,"19":4,"20":2,"21":2,"22":2,"23":2,"24":0,"25":0,"26":4,"27":1,"28":1,"29":0},"f":{"0":3,"1":1,"2":6,"3":2,"4":2,"5":1},"b":{"0":[3,0],"1":[1,2],"2":[4,2],"3":[2,1]},"_coverageSchema":"1a1c01bbd47fc00a2c39e90264f33305004495a9","hash":"86ca832c722891ca18f1cea381949775582f4a12"}
,"/Users/ameliagoldsby/Documents/Python/myDrive/utils/formatters/formatDate.js": {"path":"/Users/ameliagoldsby/Documents/Python/myDrive/utils/formatters/formatDate.js","statementMap":{"0":{"start":{"line":3,"column":26},"end":{"line":12,"column":1}},"1":{"start":{"line":4,"column":17},"end":{"line":4,"column":37}},"2":{"start":{"line":5,"column":4},"end":{"line":5,"column":31}},"3":{"start":{"line":5,"column":21},"end":{"line":5,"column":31}},"4":{"start":{"line":7,"column":16},"end":{"line":7,"column":55}},"5":{"start":{"line":8,"column":18},"end":{"line":8,"column":62}},"6":{"start":{"line":9,"column":17},"end":{"line":9,"column":35}},"7":{"start":{"line":11,"column":4},"end":{"line":11,"column":37}}},"fnMap":{"0":{"name":"(anonymous_0)","decl":{"start":{"line":3,"column":26},"end":{"line":3,"column":27}},"loc":{"start":{"line":3,"column":42},"end":{"line":12,"column":1}},"line":3}},"branchMap":{"0":{"loc":{"start":{"line":5,"column":4},"end":{"line":5,"column":31}},"type":"if","locations":[{"start":{"line":5,"column":4},"end":{"line":5,"column":31}},{"start":{},"end":{}}],"line":5}},"s":{"0":3,"1":48,"2":48,"3":3,"4":45,"5":45,"6":45,"7":45},"f":{"0":48},"b":{"0":[3,45]},"_coverageSchema":"1a1c01bbd47fc00a2c39e90264f33305004495a9","hash":"1aa9eb13b5686208073ec340ac7bda3fde6ac632"}
,"/Users/ameliagoldsby/Documents/Python/myDrive/utils/formatters/index.js": {"path":"/Users/ameliagoldsby/Documents/Python/myDrive/utils/formatters/index.js","statementMap":{},"fnMap":{},"branchMap":{},"s":{},"f":{},"b":{},"_coverageSchema":"1a1c01bbd47fc00a2c39e90264f33305004495a9","hash":"562db1181d7b90f6a380760eeaf711cc856db26b"}
}
