TN:
SF:assets/aviva-logo.png
FNF:0
FNH:0
DA:1,4
LF:1
LH:1
BRF:0
BRH:0
end_of_record
TN:
SF:components/charts/DoughnutChart.jsx
FN:11,DoughnutChart
FNF:1
FNH:1
FNDA:5,DoughnutChart
DA:6,1
DA:7,1
DA:8,1
DA:9,1
DA:12,5
DA:13,5
DA:15,5
DA:16,5
DA:17,5
DA:19,5
LF:10
LH:10
BRDA:16,0,0,0
BRDA:16,0,1,5
BRDA:17,1,0,5
BRDA:17,1,1,0
BRDA:54,2,0,5
BRDA:54,2,1,0
BRF:6
BRH:3
end_of_record
TN:
SF:components/tabs/JourneysTab.jsx
FN:21,getScoreColor
FN:27,JourneysTab
FN:32,(anonymous_2)
FN:40,(anonymous_3)
FN:49,(anonymous_4)
FN:61,(anonymous_5)
FN:68,(anonymous_6)
FN:79,(anonymous_7)
FN:80,(anonymous_8)
FN:83,(anonymous_9)
FN:110,(anonymous_10)
FN:115,(anonymous_11)
FNF:12
FNH:10
FNDA:33,getScoreColor
FNDA:14,JourneysTab
FNDA:36,(anonymous_2)
FNDA:39,(anonymous_3)
FNDA:2,(anonymous_4)
FNDA:0,(anonymous_5)
FNDA:0,(anonymous_6)
FNDA:8,(anonymous_7)
FNDA:6,(anonymous_8)
FNDA:2,(anonymous_9)
FNDA:33,(anonymous_10)
FNDA:1,(anonymous_11)
DA:15,1
DA:22,33
DA:23,21
DA:24,10
DA:28,14
DA:29,14
DA:31,14
DA:32,14
DA:33,36
DA:34,36
DA:35,33
DA:36,30
DA:40,39
DA:42,14
DA:49,2
DA:61,0
DA:68,0
DA:79,8
DA:81,6
DA:84,2
DA:85,2
DA:111,33
DA:116,1
LF:23
LH:21
BRDA:22,0,0,12
BRDA:22,0,1,21
BRDA:23,1,0,11
BRDA:23,1,1,10
BRDA:34,2,0,3
BRDA:34,2,1,33
BRDA:35,3,0,3
BRDA:35,3,1,30
BRDA:40,4,0,14
BRDA:40,4,1,0
BRDA:45,5,0,14
BRDA:45,5,1,12
BRDA:91,6,0,6
BRDA:91,6,1,2
BRDA:104,7,0,2
BRDA:104,7,1,12
BRDA:137,8,0,33
BRDA:137,8,1,33
BRF:18
BRH:17
end_of_record
TN:
SF:components/tabs/ScoreTab.jsx
FN:6,(anonymous_0)
FN:12,(anonymous_1)
FN:28,(anonymous_2)
FN:39,(anonymous_3)
FN:47,ScoreTab
FN:52,(anonymous_5)
FN:66,(anonymous_6)
FN:88,(anonymous_7)
FN:91,(anonymous_8)
FN:96,(anonymous_9)
FNF:10
FNH:10
FNDA:40,(anonymous_0)
FNDA:8,(anonymous_1)
FNDA:8,(anonymous_2)
FNDA:6,(anonymous_3)
FNDA:3,ScoreTab
FNDA:6,(anonymous_5)
FNDA:4,(anonymous_6)
FNDA:4,(anonymous_7)
FNDA:4,(anonymous_8)
FNDA:8,(anonymous_9)
DA:6,1
DA:7,40
DA:8,40
DA:9,10
DA:12,1
DA:13,8
DA:14,8
DA:16,2
DA:18,2
DA:20,2
DA:22,2
DA:24,0
DA:28,1
DA:29,8
DA:39,1
DA:40,6
DA:48,3
DA:49,3
DA:51,3
DA:52,6
DA:55,3
DA:56,1
DA:65,2
DA:67,4
DA:68,4
DA:69,4
DA:70,4
DA:71,4
DA:72,4
DA:77,2
DA:79,2
DA:80,2
DA:81,2
DA:84,2
DA:87,2
DA:88,4
DA:91,2
DA:92,4
DA:94,2
DA:96,2
DA:97,8
DA:98,8
DA:132,2
LF:43
LH:42
BRDA:7,0,0,0
BRDA:7,0,1,40
BRDA:8,1,0,30
BRDA:8,1,1,10
BRDA:13,2,0,0
BRDA:13,2,1,8
BRDA:14,3,0,2
BRDA:14,3,1,2
BRDA:14,3,2,2
BRDA:14,3,3,2
BRDA:14,3,4,0
BRDA:55,4,0,1
BRDA:55,4,1,2
BRDA:67,5,0,4
BRDA:67,5,1,0
BRDA:68,6,0,4
BRDA:68,6,1,0
BRDA:69,7,0,4
BRDA:69,7,1,0
BRDA:70,8,0,4
BRDA:70,8,1,0
BRDA:71,9,0,4
BRDA:71,9,1,0
BRDA:88,10,0,4
BRDA:88,10,1,0
BRDA:112,11,0,8
BRDA:112,11,1,8
BRF:27
BRH:18
end_of_record
TN:
SF:context/UserContext.js
FN:6,(anonymous_0)
FN:12,(anonymous_1)
FN:23,(anonymous_2)
FN:34,(anonymous_3)
FN:41,(anonymous_4)
FN:48,(anonymous_5)
FN:60,(anonymous_6)
FNF:7
FNH:7
FNDA:13,(anonymous_0)
FNDA:5,(anonymous_1)
FNDA:5,(anonymous_2)
FNDA:5,(anonymous_3)
FNDA:1,(anonymous_4)
FNDA:1,(anonymous_5)
FNDA:1,(anonymous_6)
DA:4,6
DA:6,6
DA:7,13
DA:8,13
DA:9,13
DA:12,13
DA:13,5
DA:14,5
DA:15,4
DA:17,1
DA:18,1
DA:23,13
DA:24,5
DA:25,5
DA:26,5
DA:28,0
DA:29,0
DA:34,13
DA:35,5
DA:36,5
DA:37,5
DA:41,13
DA:42,1
DA:43,1
DA:44,1
DA:48,13
DA:49,1
DA:51,1
DA:52,1
DA:53,1
DA:55,0
DA:60,13
DA:61,1
DA:63,1
DA:64,1
DA:65,1
DA:67,0
DA:71,13
LF:38
LH:34
BRDA:49,0,0,0
BRDA:49,0,1,1
BRDA:52,1,0,1
BRDA:52,1,1,0
BRDA:61,2,0,0
BRDA:61,2,1,1
BRDA:64,3,0,1
BRDA:64,3,1,0
BRF:8
BRH:4
end_of_record
TN:
SF:screens/HomeScreen.js
FN:19,HomeScreen
FN:30,(anonymous_1)
FN:31,fetchJourneys
FN:38,(anonymous_3)
FN:43,(anonymous_4)
FN:59,(anonymous_5)
FN:64,(anonymous_6)
FN:67,(anonymous_7)
FN:78,(anonymous_8)
FN:97,(anonymous_9)
FN:117,(anonymous_10)
FN:118,(anonymous_11)
FN:122,(anonymous_12)
FN:133,(anonymous_13)
FN:139,(anonymous_14)
FNF:15
FNH:7
FNDA:2,HomeScreen
FNDA:2,(anonymous_1)
FNDA:2,fetchJourneys
FNDA:2,(anonymous_3)
FNDA:1,(anonymous_4)
FNDA:2,(anonymous_5)
FNDA:2,(anonymous_6)
FNDA:0,(anonymous_7)
FNDA:0,(anonymous_8)
FNDA:0,(anonymous_9)
FNDA:0,(anonymous_10)
FNDA:0,(anonymous_11)
FNDA:0,(anonymous_12)
FNDA:0,(anonymous_13)
FNDA:0,(anonymous_14)
DA:15,1
DA:16,1
DA:17,1
DA:20,2
DA:21,2
DA:22,2
DA:23,2
DA:24,2
DA:26,2
DA:27,2
DA:28,2
DA:30,2
DA:32,2
DA:34,1
DA:35,1
DA:38,1
DA:39,2
DA:40,2
DA:43,1
DA:44,1
DA:45,1
DA:46,0
DA:47,0
DA:49,0
DA:52,1
DA:55,1
DA:56,1
DA:59,1
DA:60,2
DA:61,2
DA:64,2
DA:66,1
DA:67,0
DA:68,0
DA:70,1
DA:71,1
DA:75,2
DA:78,2
DA:79,0
DA:82,2
DA:97,0
DA:118,0
DA:123,0
DA:133,0
DA:139,0
LF:45
LH:34
BRDA:32,0,0,1
BRDA:32,0,1,1
BRDA:45,1,0,0
BRDA:45,1,1,1
BRDA:47,2,0,0
BRDA:47,2,1,0
BRDA:55,3,0,1
BRDA:55,3,1,0
BRDA:61,4,0,2
BRDA:61,4,1,2
BRDA:61,5,0,2
BRDA:61,5,1,0
BRDA:64,6,0,2
BRDA:64,6,1,0
BRDA:66,7,0,0
BRDA:66,7,1,1
BRDA:67,8,0,0
BRDA:67,8,1,0
BRDA:86,9,0,2
BRDA:86,9,1,1
BRDA:92,10,0,1
BRDA:92,10,1,0
BRF:22
BRH:12
end_of_record
TN:
SF:screens/JourneyScreen.js
FN:18,getScoreColor
FN:24,formatLabel
FN:27,(anonymous_2)
FN:30,ScoreBreakdown
FN:35,(anonymous_4)
FN:56,JourneyScreen
FN:72,(anonymous_6)
FN:78,(anonymous_7)
FN:100,(anonymous_8)
FN:164,(anonymous_9)
FN:174,(anonymous_10)
FN:185,(anonymous_11)
FN:202,(anonymous_12)
FN:215,(anonymous_13)
FNF:14
FNH:9
FNDA:10,getScoreColor
FNDA:10,formatLabel
FNDA:10,(anonymous_2)
FNDA:5,ScoreBreakdown
FNDA:15,(anonymous_4)
FNDA:6,JourneyScreen
FNDA:1,(anonymous_6)
FNDA:0,(anonymous_7)
FNDA:1,(anonymous_8)
FNDA:0,(anonymous_9)
FNDA:0,(anonymous_10)
FNDA:1,(anonymous_11)
FNDA:0,(anonymous_12)
FNDA:0,(anonymous_13)
DA:19,10
DA:20,5
DA:21,0
DA:25,10
DA:27,10
DA:31,5
DA:33,5
DA:36,15
DA:37,10
DA:57,6
DA:58,6
DA:60,6
DA:61,6
DA:62,6
DA:64,6
DA:65,1
DA:72,5
DA:73,1
DA:74,1
DA:75,1
DA:78,5
DA:79,0
DA:80,0
DA:81,0
DA:82,0
DA:83,0
DA:84,0
DA:91,0
DA:95,5
DA:100,1
DA:164,0
DA:175,0
DA:176,0
DA:177,0
DA:186,1
DA:187,1
DA:202,0
DA:215,0
LF:38
LH:24
BRDA:19,0,0,5
BRDA:19,0,1,5
BRDA:20,1,0,5
BRDA:20,1,1,0
BRDA:31,2,0,0
BRDA:31,2,1,5
BRDA:36,3,0,5
BRDA:36,3,1,10
BRDA:57,4,0,6
BRDA:57,4,1,0
BRDA:64,5,0,1
BRDA:64,5,1,5
BRDA:114,6,0,5
BRDA:114,6,1,0
BRDA:123,7,0,5
BRDA:123,7,1,0
BRDA:133,8,0,5
BRDA:133,8,1,0
BRF:18
BRH:12
end_of_record
TN:
SF:screens/ProfileScreen.js
FN:15,ProfileScreen
FN:20,(anonymous_1)
FN:21,(anonymous_2)
FN:42,(anonymous_3)
FN:67,(anonymous_4)
FN:72,HelpModal
FN:73,(anonymous_6)
FN:76,(anonymous_7)
FN:97,(anonymous_8)
FNF:9
FNH:6
FNDA:6,ProfileScreen
FNDA:4,(anonymous_1)
FNDA:4,(anonymous_2)
FNDA:1,(anonymous_3)
FNDA:1,(anonymous_4)
FNDA:6,HelpModal
FNDA:0,(anonymous_6)
FNDA:0,(anonymous_7)
FNDA:0,(anonymous_8)
DA:16,6
DA:17,6
DA:18,6
DA:20,6
DA:21,4
DA:22,4
DA:23,4
DA:24,3
DA:25,2
DA:28,1
DA:32,4
DA:35,6
DA:42,1
DA:67,1
DA:73,6
DA:74,0
DA:76,6
DA:77,0
DA:80,6
LF:19
LH:17
BRDA:23,0,0,3
BRDA:23,0,1,1
BRDA:48,1,0,0
BRDA:48,1,1,6
BRF:4
BRH:3
end_of_record
TN:
SF:screens/AuthScreens/LoginScreen.js
FN:15,LoginScreen
FN:21,(anonymous_1)
FN:28,(anonymous_2)
FN:45,(anonymous_3)
FN:54,(anonymous_4)
FN:102,(anonymous_5)
FNF:6
FNH:5
FNDA:18,LoginScreen
FNDA:6,(anonymous_1)
FNDA:4,(anonymous_2)
FNDA:2,(anonymous_3)
FNDA:0,(anonymous_4)
FNDA:1,(anonymous_5)
DA:16,18
DA:17,18
DA:18,18
DA:19,18
DA:21,18
DA:22,6
DA:28,18
DA:29,4
DA:30,1
DA:31,1
DA:34,3
DA:35,3
DA:36,3
DA:38,2
DA:39,0
DA:40,0
DA:41,0
DA:44,2
DA:45,2
DA:48,2
DA:49,1
DA:50,1
DA:51,1
DA:54,0
DA:55,0
DA:56,0
DA:60,1
DA:61,1
DA:64,1
DA:65,1
DA:66,1
DA:70,18
DA:102,1
LF:33
LH:27
BRDA:15,0,0,0
BRDA:29,1,0,1
BRDA:29,1,1,3
BRDA:29,2,0,4
BRDA:29,2,1,3
BRDA:38,3,0,0
BRDA:38,3,1,2
BRDA:45,4,0,2
BRDA:45,4,1,1
BRDA:48,5,0,1
BRDA:48,5,1,1
BRDA:49,6,0,1
BRDA:49,6,1,0
BRDA:93,7,0,18
BRDA:93,7,1,3
BRDA:108,8,0,18
BRDA:108,8,1,3
BRF:17
BRH:14
end_of_record
TN:
SF:screens/AuthScreens/SignUpScreen.js
FN:16,(anonymous_0)
FN:29,SignUpScreen
FN:40,(anonymous_2)
FN:95,(anonymous_3)
FN:121,(anonymous_4)
FN:152,(anonymous_5)
FN:188,(anonymous_6)
FNF:7
FNH:7
FNDA:33,(anonymous_0)
FNDA:27,SignUpScreen
FNDA:7,(anonymous_2)
FNDA:6,(anonymous_3)
FNDA:6,(anonymous_4)
FNDA:6,(anonymous_5)
FNDA:1,(anonymous_6)
DA:16,1
DA:17,33
DA:18,33
DA:19,33
DA:20,33
DA:21,33
DA:22,33
DA:24,33
DA:25,5
DA:26,5
DA:30,27
DA:31,27
DA:32,27
DA:33,27
DA:34,27
DA:35,27
DA:36,27
DA:37,27
DA:38,27
DA:40,27
DA:41,7
DA:42,1
DA:43,1
DA:47,6
DA:48,6
DA:49,6
DA:50,6
DA:51,6
DA:54,6
DA:56,6
DA:57,1
DA:58,1
DA:61,5
DA:62,1
DA:63,1
DA:66,4
DA:67,1
DA:68,1
DA:71,3
DA:72,3
DA:80,2
DA:81,1
DA:82,1
DA:85,1
DA:86,1
DA:88,1
DA:89,1
DA:95,27
DA:96,6
DA:97,6
DA:98,6
DA:99,6
DA:100,6
DA:101,6
DA:105,27
DA:121,6
DA:153,6
DA:154,6
DA:188,1
LF:59
LH:59
BRDA:18,0,0,5
BRDA:18,0,1,28
BRDA:19,1,0,5
BRDA:19,1,1,28
BRDA:20,2,0,5
BRDA:20,2,1,28
BRDA:21,3,0,6
BRDA:21,3,1,27
BRDA:22,4,0,5
BRDA:22,4,1,28
BRDA:24,5,0,28
BRDA:24,5,1,5
BRDA:25,6,0,0
BRDA:25,6,1,5
BRDA:25,7,0,5
BRDA:25,7,1,5
BRDA:41,8,0,1
BRDA:41,8,1,6
BRDA:41,9,0,7
BRDA:41,9,1,6
BRDA:41,9,2,6
BRDA:41,9,3,6
BRDA:41,9,4,6
BRDA:41,9,5,6
BRDA:54,10,0,6
BRDA:54,10,1,1
BRDA:54,10,2,0
BRDA:54,10,3,0
BRDA:54,10,4,0
BRDA:56,11,0,1
BRDA:56,11,1,5
BRDA:61,12,0,1
BRDA:61,12,1,4
BRDA:66,13,0,1
BRDA:66,13,1,3
BRDA:80,14,0,1
BRDA:80,14,1,1
BRDA:97,15,0,6
BRDA:97,15,1,0
BRDA:97,16,0,6
BRDA:97,16,1,6
BRDA:98,17,0,6
BRDA:98,17,1,0
BRDA:131,18,0,27
BRDA:131,18,1,6
BRDA:136,19,0,6
BRDA:136,19,1,0
BRF:47
BRH:40
end_of_record
TN:
SF:screens/Onboarding/TermsOnboardingScreen.js
FN:17,TermsOnboardingScreen
FN:22,(anonymous_1)
FN:62,(anonymous_2)
FNF:3
FNH:3
FNDA:9,TermsOnboardingScreen
FNDA:2,(anonymous_1)
FNDA:1,(anonymous_2)
DA:18,9
DA:19,9
DA:20,9
DA:22,9
DA:23,2
DA:24,0
DA:25,0
DA:28,2
DA:29,2
DA:30,2
DA:31,2
DA:32,0
DA:36,0
DA:37,0
DA:40,2
DA:41,2
DA:43,1
DA:48,1
DA:49,1
DA:51,2
DA:55,9
DA:62,1
LF:22
LH:17
BRDA:23,0,0,0
BRDA:23,0,1,2
BRDA:31,1,0,0
BRDA:31,1,1,2
BRDA:135,2,0,4
BRDA:135,2,1,5
BRDA:146,3,0,4
BRDA:146,3,1,5
BRDA:148,4,0,9
BRDA:148,4,1,4
BRDA:151,5,0,0
BRDA:151,5,1,9
BRF:12
BRH:9
end_of_record
TN:
SF:screens/Onboarding/WelcomeOnboardingScreen.js
FN:6,WelcomeOnboardingScreen
FN:51,(anonymous_1)
FNF:2
FNH:2
FNDA:2,WelcomeOnboardingScreen
FNDA:1,(anonymous_1)
DA:7,2
DA:51,1
LF:2
LH:2
BRF:0
BRH:0
end_of_record
TN:
SF:services/phoneUsageService.js
FN:5,startCallDetection
FN:7,(anonymous_1)
FN:15,(anonymous_2)
FN:23,stopCallDetection
FNF:4
FNH:3
FNDA:2,startCallDetection
FNDA:4,(anonymous_1)
FNDA:0,(anonymous_2)
FNDA:2,stopCallDetection
DA:3,2
DA:6,2
DA:8,4
DA:9,2
DA:11,2
DA:24,2
DA:25,2
LF:7
LH:7
BRDA:8,0,0,2
BRDA:8,0,1,2
BRDA:8,1,0,4
BRDA:8,1,1,4
BRDA:24,2,0,2
BRDA:24,2,1,0
BRF:6
BRH:5
end_of_record
TN:
SF:services/roadTypeService.js
FN:1,getRoadType
FN:24,normalizeRoadType
FNF:2
FNH:2
FNDA:3,getRoadType
FNDA:7,normalizeRoadType
DA:2,3
DA:3,3
DA:5,3
DA:12,2
DA:14,2
DA:17,2
DA:19,1
DA:20,1
DA:25,7
DA:27,6
DA:29,6
DA:32,1
DA:33,5
DA:36,2
DA:37,3
DA:40,1
DA:42,2
LF:17
LH:17
BRDA:14,0,0,2
BRDA:14,0,1,1
BRDA:25,1,0,1
BRDA:25,1,1,6
BRDA:29,2,0,1
BRDA:29,2,1,5
BRDA:33,3,0,2
BRDA:33,3,1,3
BRDA:37,4,0,1
BRDA:37,4,1,2
BRF:10
BRH:10
end_of_record
TN:
SF:services/trackingService.js
FN:20,startSensors
FN:24,(anonymous_1)
FN:25,(anonymous_2)
FN:29,stopSensors
FN:37,startTracking
FN:60,(anonymous_5)
FN:75,stopTracking
FN:81,(anonymous_7)
FN:87,(anonymous_8)
FN:127,calculateAverageSpeed
FN:140,getDistance
FN:141,(anonymous_11)
FN:156,runBackgroundTask
FN:163,(anonymous_13)
FNF:14
FNH:10
FNDA:1,startSensors
FNDA:0,(anonymous_1)
FNDA:0,(anonymous_2)
FNDA:1,stopSensors
FNDA:1,startTracking
FNDA:1,(anonymous_5)
FNDA:1,stopTracking
FNDA:0,(anonymous_7)
FNDA:0,(anonymous_8)
FNDA:3,calculateAverageSpeed
FNDA:3,getDistance
FNDA:12,(anonymous_11)
FNDA:1,runBackgroundTask
FNDA:2,(anonymous_13)
DA:9,1
DA:12,1
DA:21,1
DA:22,1
DA:24,1
DA:25,1
DA:30,1
DA:31,1
DA:32,1
DA:33,1
DA:38,1
DA:39,1
DA:40,1
DA:41,0
DA:44,1
DA:58,1
DA:60,1
DA:61,1
DA:64,1
DA:66,1
DA:76,1
DA:77,1
DA:78,1
DA:79,1
DA:81,1
DA:82,0
DA:83,0
DA:85,1
DA:87,1
DA:88,0
DA:89,0
DA:91,1
DA:93,1
DA:96,1
DA:97,1
DA:98,1
DA:103,1
DA:105,1
DA:106,1
DA:107,1
DA:110,1
DA:111,1
DA:112,1
DA:115,1
DA:118,1
DA:119,1
DA:121,1
DA:122,1
DA:123,1
DA:128,3
DA:129,1
DA:130,1
DA:131,1
DA:133,1
DA:134,1
DA:135,1
DA:136,1
DA:141,12
DA:142,3
DA:143,3
DA:144,3
DA:145,3
DA:146,3
DA:149,3
DA:151,3
DA:152,3
DA:157,1
DA:158,0
DA:159,0
DA:161,1
DA:162,1
DA:163,1
DA:164,2
DA:173,1
LF:74
LH:67
BRDA:40,0,0,0
BRDA:40,0,1,1
BRDA:40,1,0,1
BRDA:40,1,1,1
BRDA:83,2,0,0
BRDA:83,2,1,0
BRDA:89,3,0,0
BRDA:89,3,1,0
BRDA:105,4,0,1
BRDA:105,4,1,0
BRDA:110,5,0,1
BRDA:110,5,1,0
BRDA:128,6,0,2
BRDA:128,6,1,1
BRDA:157,7,0,0
BRDA:157,7,1,1
BRDA:161,8,0,0
BRDA:161,8,1,1
BRDA:161,9,0,1
BRDA:161,9,1,1
BRF:20
BRH:11
end_of_record
TN:
SF:styles/AuthStyles.js
FNF:0
FNH:0
DA:4,2
DA:5,2
DA:6,2
DA:8,2
LF:4
LH:4
BRF:0
BRH:0
end_of_record
TN:
SF:styles/ChartStyles.js
FNF:0
FNH:0
LF:0
LH:0
BRF:0
BRH:0
end_of_record
TN:
SF:styles/HomeStyles.js
FNF:0
FNH:0
DA:3,1
LF:1
LH:1
BRF:0
BRH:0
end_of_record
TN:
SF:styles/JourneyStyles.js
FNF:0
FNH:0
DA:3,1
LF:1
LH:1
BRF:0
BRH:0
end_of_record
TN:
SF:styles/OnboardingStyles.js
FNF:0
FNH:0
DA:3,2
LF:1
LH:1
BRF:0
BRH:0
end_of_record
TN:
SF:styles/ProfileStyles.js
FNF:0
FNH:0
DA:3,1
LF:1
LH:1
BRF:0
BRH:0
end_of_record
TN:
SF:styles/TabStyles.js
FNF:0
FNH:0
DA:3,1
DA:5,1
LF:2
LH:2
BRF:0
BRH:0
end_of_record
TN:
SF:utils/index.js
FNF:0
FNH:0
LF:0
LH:0
BRF:0
BRH:0
end_of_record
TN:
SF:utils/database/index.js
FNF:0
FNH:0
LF:0
LH:0
BRF:0
BRH:0
end_of_record
TN:
SF:utils/database/journeys.js
FN:3,(anonymous_0)
FN:19,(anonymous_1)
FN:30,(anonymous_2)
FN:37,(anonymous_3)
FNF:4
FNH:2
FNDA:3,(anonymous_0)
FNDA:3,(anonymous_1)
FNDA:0,(anonymous_2)
FNDA:0,(anonymous_3)
DA:3,4
DA:4,3
DA:5,3
DA:6,3
DA:8,3
DA:9,2
DA:12,3
DA:13,3
DA:15,0
DA:19,4
DA:20,3
DA:21,3
DA:22,3
DA:23,3
DA:25,0
DA:26,0
DA:30,4
DA:31,0
DA:32,0
DA:33,0
DA:35,0
DA:37,0
DA:38,0
DA:40,0
DA:41,0
LF:25
LH:14
BRDA:6,0,0,1
BRDA:6,0,1,2
BRDA:8,1,0,2
BRDA:8,1,1,1
BRDA:22,2,0,1
BRDA:22,2,1,2
BRDA:23,3,0,3
BRDA:23,3,1,2
BRDA:33,4,0,0
BRDA:33,4,1,0
BRDA:35,5,0,0
BRDA:35,5,1,0
BRF:12
BRH:8
end_of_record
TN:
SF:utils/database/sampleData.js
FN:5,(anonymous_0)
FN:10,(anonymous_1)
FN:19,(anonymous_2)
FN:21,(anonymous_3)
FN:48,(anonymous_4)
FN:124,(anonymous_5)
FN:129,(anonymous_6)
FNF:7
FNH:5
FNDA:224,(anonymous_0)
FNDA:27,(anonymous_1)
FNDA:112,(anonymous_2)
FNDA:3,(anonymous_3)
FNDA:5,(anonymous_4)
FNDA:0,(anonymous_5)
FNDA:0,(anonymous_6)
DA:5,224
DA:7,3
DA:8,3
DA:10,3
DA:11,27
DA:12,27
DA:13,27
DA:14,27
DA:15,27
DA:19,112
DA:21,3
DA:22,3
DA:23,3
DA:25,3
DA:26,3
DA:27,3
DA:28,13
DA:29,13
DA:31,13
DA:32,2
DA:33,2
DA:34,2
DA:35,2
DA:37,13
DA:38,13
DA:40,3
DA:41,1
DA:45,3
DA:46,3
DA:48,5
DA:50,3
DA:51,30
DA:52,30
DA:53,25
DA:60,25
DA:64,3
DA:65,3
DA:67,3
DA:68,3
DA:70,3
DA:71,14
DA:72,14
DA:74,14
DA:75,42
DA:76,42
DA:78,42
DA:92,42
DA:93,42
DA:97,14
DA:98,70
DA:99,70
DA:100,70
DA:102,70
DA:116,70
DA:117,70
DA:124,3
DA:125,0
DA:126,0
DA:129,0
LF:59
LH:56
BRDA:23,0,0,0
BRDA:23,0,1,3
BRDA:25,1,0,3
BRDA:25,1,1,0
BRDA:27,2,0,16
BRDA:27,2,1,13
BRDA:29,3,0,13
BRDA:29,3,1,12
BRDA:29,3,2,12
BRDA:31,4,0,2
BRDA:31,4,1,11
BRDA:37,5,0,0
BRDA:37,5,1,13
BRDA:38,6,0,0
BRDA:38,6,1,13
BRDA:40,7,0,1
BRDA:40,7,1,2
BRDA:46,8,0,0
BRDA:46,8,1,3
BRDA:52,9,0,25
BRDA:52,9,1,5
BRDA:65,10,0,0
BRDA:65,10,1,3
BRDA:72,11,0,14
BRDA:72,11,1,0
BRDA:72,12,0,14
BRDA:72,12,1,14
BRDA:126,13,0,0
BRDA:126,13,1,0
BRDA:126,14,0,0
BRDA:126,14,1,0
BRDA:129,15,0,0
BRDA:129,15,1,0
BRF:33
BRH:20
end_of_record
TN:
SF:utils/database/scoring.js
FN:1,(anonymous_0)
FN:2,(anonymous_1)
FN:46,(anonymous_2)
FN:50,(anonymous_3)
FN:57,(anonymous_4)
FNF:5
FNH:5
FNDA:4,(anonymous_0)
FNDA:8,(anonymous_1)
FNDA:4,(anonymous_2)
FNDA:8,(anonymous_3)
FNDA:6,(anonymous_4)
DA:1,4
DA:2,4
DA:3,8
DA:5,4
DA:7,4
DA:12,4
DA:17,4
DA:18,4
DA:19,1
DA:21,4
DA:23,4
DA:24,4
DA:25,4
DA:26,4
DA:27,1
DA:29,4
DA:32,4
DA:37,4
DA:46,4
DA:47,4
DA:48,4
DA:50,4
DA:51,8
DA:52,8
DA:55,4
DA:57,6
DA:58,3
LF:27
LH:27
BRDA:5,0,0,1
BRDA:5,0,1,3
BRDA:5,1,0,1
BRDA:5,1,1,2
BRDA:18,2,0,1
BRDA:18,2,1,3
BRDA:24,3,0,2
BRDA:24,3,1,2
BRDA:25,4,0,1
BRDA:25,4,1,3
BRDA:26,5,0,1
BRDA:26,5,1,3
BRDA:26,6,0,4
BRDA:26,6,1,2
BRDA:26,6,2,1
BRDA:55,7,0,1
BRDA:55,7,1,3
BRDA:57,8,0,6
BRDA:57,8,1,1
BRF:19
BRH:19
end_of_record
TN:
SF:utils/database/users.js
FN:3,(anonymous_0)
FN:7,(anonymous_1)
FN:23,(anonymous_2)
FN:33,(anonymous_3)
FN:36,(anonymous_4)
FN:43,(anonymous_5)
FNF:6
FNH:6
FNDA:3,(anonymous_0)
FNDA:1,(anonymous_1)
FNDA:6,(anonymous_2)
FNDA:2,(anonymous_3)
FNDA:2,(anonymous_4)
FNDA:1,(anonymous_5)
DA:3,4
DA:4,3
DA:5,3
DA:7,3
DA:8,1
DA:11,2
DA:12,2
DA:13,2
DA:15,2
DA:16,2
DA:18,0
DA:19,0
DA:23,4
DA:24,6
DA:25,6
DA:26,6
DA:28,0
DA:29,0
DA:33,4
DA:34,2
DA:35,2
DA:36,2
DA:38,0
DA:39,0
DA:43,4
DA:44,1
DA:45,1
DA:47,0
LF:28
LH:21
BRDA:5,0,0,3
BRDA:5,0,1,0
BRDA:7,1,0,1
BRDA:7,1,1,2
BRDA:26,2,0,4
BRDA:26,2,1,2
BRDA:36,3,0,2
BRDA:36,3,1,1
BRF:8
BRH:7
end_of_record
TN:
SF:utils/formatters/formatDate.js
FN:3,(anonymous_0)
FNF:1
FNH:1
FNDA:48,(anonymous_0)
DA:3,3
DA:4,48
DA:5,48
DA:7,45
DA:8,45
DA:9,45
DA:11,45
LF:7
LH:7
BRDA:5,0,0,3
BRDA:5,0,1,45
BRF:2
BRH:2
end_of_record
TN:
SF:utils/formatters/index.js
FNF:0
FNH:0
LF:0
LH:0
BRF:0
BRH:0
end_of_record
